0.317017 -0.300151 0.000801831
0.112974 0.222336 0.00144528
0.396421 -0.0632099 0.00130361
0.452309 -0.313046 0.000723313
-0.0274328 0.315818 0.00103367
0.17824 -0.0640692 0.001522
0.0373907 0.0899506 0.00130205
-0.225582 0.433661 -0.00172708
0.0766385 0.0576446 0.00156333
0.0937264 -0.0519947 0.00108322
0.101413 -0.0617687 0.00106198
0.0914986 -0.0684336 0.00171287
-0.211492 0.0942754 0.000509891
0.0181616 0.0557981 0.000610038
-0.0790644 0.0864344 0.000335107
0.17252 2.34583 -0.00560798
0.604588 4.37546 -0.0158633
0.631611 6.51095 -0.0249094
1.63114 14.6003 -0.0325544
2.06143 20.6784 -0.0316112
2.87854 24.7239 -0.0236155
2.96404 32.1503 -0.0148476
3.20156 40.0406 -0.00405792
3.73129 47.8636 0.00512308
4.76328 56.4012 0.0161716
5.8579 64.1787 0.023086
5.23988 73.1504 0.0277048
5.35478 80.8734 0.0331003
5.19041 89.9635 0.0337212
5.14775 97.8939 0.0336543
5.51308 107.488 0.0289355
6.29982 115.925 0.0279231
6.16874 125.385 0.0269977
6.33784 133.413 0.0252433
6.99231 141.886 0.0218825
8.11415 151.346 0.0215409
7.66613 160.682 0.0188318
6.97538 170.385 0.0167511
5.37043 181.225 0.0149262
2.50297 191.455 0.0137975
-1.42277 204.489 0.0111183
-4.29799 215.471 0.0078587
-6.44232 226.783 0.00739186
-6.44595 235.461 0.0103643
-5.42566 245.462 0.0118338
-4.66003 252.953 0.0149536
-3.3701 262.936 0.0169324
-3.02507 272.636 0.0212036
-3.08972 280.107 0.0300487
-3.35422 289.608 0.0336958
-3.17047 297.896 0.0398009
-3.2413 307.425 0.0397979
-3.55824 315.879 0.0404233
