0 0 0
0.000399279 0.00324943 -0.000527595
-0.00355129 0.00692211 0.000315798
0.000189809 0.0071211 0.00198958
0.00101881 0.00795866 0.00249418
-0.00470209 0.0123344 0.0032215
0.00292079 0.0121327 0.00331166
-0.000560063 0.0140285 0.0014469
-0.00441764 0.015984 -0.000656102
0.00124828 0.0158827 -0.000243699
0.000192649 0.017342 0.000522868
-0.00109204 0.019333 0.00198155
-0.00163981 0.0207453 -0.000380448
-0.00621496 0.023477 -0.000787014
-0.00494218 0.0256246 0.000323338
-0.00775926 0.0269849 0.00122762
-0.0207409 0.0469519 -0.00286776
-0.0304205 0.0653108 -0.0127778
-0.0540375 0.0721273 -0.021645
-0.113079 0.128535 -0.029553
-0.161502 0.164977 -0.0296274
-0.202541 0.197875 -0.0247609
-0.237582 0.269359 -0.0164968
-0.27189 0.349493 -0.00442566
-0.346449 0.400252 0.000443611
-0.399093 0.468092 0.0116617
-0.447896 0.531668 0.0174878
-0.515159 0.590835 0.0222287
-0.568375 0.64659 0.0278146
-0.633194 0.709763 0.0282183
-0.6893 0.76587 0.0282015
-0.754157 0.836646 0.0235594
-0.807845 0.902152 0.0225561
-0.875243 0.968051 0.020956
-0.930814 1.02453 0.0192933
-0.985773 1.0894 0.015997
-1.04411 1.16455 0.0158497
-1.11259 1.22922 0.0131283
-1.18659 1.29396 0.0108161
-1.27235 1.35956 0.00903979
-1.36344 1.41346 0.0114654
-1.48223 1.4779 0.0088878
-1.58047 1.53566 0.00559204
-1.67477 1.60037 0.00547082
-1.73637 1.6619 0.00854229
-1.79969 1.74002 0.0101287
-1.84715 1.79882 0.0138822
-1.90845 1.87848 0.0160655
-1.97412 1.94943 0.0207999
-2.02716 2.00199 0.0297564
-2.09627 2.06732 0.0334795
-2.15379 2.12714 0.0397339
-2.22157 2.19393 0.0401077
-2.28355 2.25143 0.0409632
-2.35325 2.31881 0.039755
-2.4188 2.38096 0.0409474
-2.48687 2.44532 0.0401988
-2.58158 2.53151 0.038094
-2.66122 2.60219 0.0386579
-2.73032 2.66028 0.0393717
-2.81352 2.73349 0.0406206
-2.87768 2.79568 0.0429868
-2.95386 2.86519 0.0454278
-3.03447 2.93756 0.0518363
-3.10338 3.0042 0.0565689
-3.17914 3.08012 0.0658537
-3.24613 3.14133 0.0760607
-3.32183 3.20588 0.0844424
-3.40881 3.27637 0.0862765
-3.47666 3.33967 0.0798896
-3.58886 3.43274 0.0650702
-3.66388 3.49647 0.0566996
-3.73198 3.56192 0.0516246
-3.81601 3.63496 0.0421319
-3.87845 3.70399 0.0383905
-3.96454 3.77897 0.0302968
-4.0272 3.8452 0.0278928
-4.1123 3.92321 0.0278673
-4.17934 3.98417 0.0286991
-4.26048 4.06367 0.0342032
-4.31565 4.11249 0.0362372
-4.37415 4.1649 0.0422985
-4.4515 4.23486 0.0493879
-4.51956 4.3002 0.0584271
-4.61988 4.36787 0.0635551
-4.72246 4.43181 0.0662948
-4.8464 4.5063 0.0716345
-4.95912 4.5744 0.073956
-5.07398 4.64769 0.0766923
-5.14023 4.71649 0.0852565
-5.21202 4.80572 0.0943149
-5.3238 4.88351 0.0881321
-5.48367 4.9782 0.0724395
-5.60895 5.05192 0.064764
-5.7665 5.12519 0.0536115
-5.94025 5.22029 0.0401834
-6.04087 5.30165 0.0354315
-6.14102 5.38329 0.0307567
-6.21693 5.46424 0.0299104
-6.29034 5.54495 0.0304993
-6.36434 5.64776 0.039824
-6.44556 5.73742 0.046589
-6.54729 5.83452 0.0523674
-6.63409 5.91117 0.0597488
-6.71862 5.99499 0.0754349
-6.79551 6.06335 0.0896141
-6.88671 6.1468 0.105742
-6.96045 6.21285 0.120981
-7.02882 6.27858 0.140708
-7.10559 6.34618 0.151716
-7.18955 6.41001 0.161212
-7.25133 6.44841 0.165506
-7.31346 6.4963 0.176187
-7.37837 6.54254 0.177532
-7.43519 6.5867 0.178163
-7.51438 6.65122 0.168505
-7.58919 6.70944 0.150551
-7.67133 6.77882 0.129932
-7.74558 6.84076 0.110404
-7.81428 6.90262 0.0959935
-7.89459 6.97533 0.0813197
-7.97623 7.04868 0.0657839
-8.06202 7.13041 0.054405
-8.1481 7.20564 0.0486385
-8.26766 7.29178 0.0494802
-8.396 7.36032 0.0482505
-8.52381 7.42972 0.0476644
-8.62954 7.49173 0.0447125
-8.70743 7.57969 0.0449425
-8.76205 7.65879 0.0494114
-8.84294 7.76137 0.050159
-8.92972 7.84651 0.0464867
-9.0259 7.93758 0.0390035
-9.10494 8.01981 0.0363821
-9.18581 8.09908 0.0294169
-9.27814 8.18897 0.0174223
-9.35891 8.27237 0.00705929
-9.43529 8.3517 -0.00194679
-9.5213 8.44431 -0.0120376
-9.59645 8.52438 -0.0176438
-9.67304 8.61349 -0.0258277
-9.73286 8.68686 -0.0180429
-9.8089 8.76932 -0.00535126
-9.8698 8.83926 0.00282902
-9.92917 8.90728 0.0271417
-10.0087 8.99079 0.0523227
-10.0817 9.06687 0.0761558
-10.1509 9.13778 0.0965497
-10.2333 9.23122 0.114934
-10.328 9.31545 0.125029
-10.4357 9.40654 0.124273
-10.5205 9.48529 0.126532
-10.6229 9.56951 0.123111
-10.7022 9.63951 0.12721
-10.7838 9.70542 0.130552
-10.8737 9.78324 0.137304
-10.9472 9.84693 0.150432
-11.0181 9.90382 0.159353
-11.0981 9.96797 0.185574
-11.1655 10.0219 0.220274
-11.2538 10.0732 0.267483
-11.3221 10.1151 0.306749
-11.4087 10.1574 0.347925
-11.501 10.1909 0.375761
-11.5829 10.2084 0.393057
-11.6735 10.2349 0.404502
-11.7448 10.2561 0.420859
-11.8451 10.2748 0.433817
-11.9372 10.289 0.447766
-12.0268 10.303 0.463059
-12.1376 10.3173 0.475638
-12.22 10.326 0.487626
-12.3098 10.3469 0.506716
-12.4103 10.3689 0.531099
-12.4993 10.3789 0.552508
-12.5999 10.3911 0.585407
-12.6815 10.4011 0.612616
-12.7718 10.4103 0.642785
-12.8494 10.4193 0.667308
-12.9369 10.4241 0.698823
-13.0145 10.4201 0.730312
-13.0955 10.4277 0.769686
-13.1632 10.4256 0.804979
-13.2499 10.4186 0.844579
-13.3234 10.4111 0.877274
-13.4285 10.3705 0.911338
-13.5406 10.3133 0.935863
-13.7251 10.1788 0.975369
-13.7034 10.2456 0.993451
-13.6535 10.3497 1.01227
-13.5934 10.466 1.03082
-13.5262 10.5743 1.04772
-13.4748 10.6909 1.069
-13.4445 10.7532 1.08829
-13.4883 10.7559 1.12224
-13.4259 10.866 1.15246
-13.3842 10.9669 1.19523
-13.3355 11.046 1.22975
-13.3349 11.0828 1.26413
-13.3423 11.1036 1.29984
-13.3747 11.0849 1.32756
-13.4258 11.0642 1.36084
-13.4848 11.0269 1.38752
-13.5592 10.97 1.41952
-13.624 10.9136 1.45066
-13.716 10.7989 1.48628
-13.7766 10.7211 1.51417
-13.8471 10.6335 1.5408
-13.9009 10.5694 1.5586
-13.9658 10.4968 1.57746
-14.0221 10.4419 1.5979
-14.0932 10.3528 1.61662
-14.2418 10.1158 1.63486
-14.3163 10.0079 1.65414
-14.3899 9.91321 1.67145
-14.4427 9.81315 1.67786
-14.5126 9.70662 1.68894
-14.5805 9.61234 1.69721
-14.6526 9.52449 1.70329
-14.7089 9.46428 1.70306
-14.7807 9.39601 1.69984
-14.8491 9.32677 1.69883
-14.9162 9.19876 1.68521
-14.9697 9.11883 1.67121
-15.0334 9.02559 1.66111
-15.1047 8.91568 1.65205
-15.167 8.83161 1.65265
-15.2318 8.69364 1.65726
-15.2836 8.57814 1.65557
-15.3365 8.46126 1.66765
-15.3867 8.36414 1.66502
-15.4545 8.26435 1.6623
-15.5196 8.17156 1.66115
-15.5964 8.08701 1.66152
-15.6509 8.04068 1.66075
-15.7133 7.98892 1.66031
-15.7867 7.91919 1.66236
-15.8551 7.83686 1.65746
-15.9241 7.75922 1.65538
-15.9783 7.68593 1.65355
-16.0607 7.54404 1.65235
-16.1042 7.48227 1.65295
-16.2446 7.25209 1.65393
-16.326 7.11871 1.65304
-16.3922 7.00273 1.65216
-16.4865 6.87432 1.65865
-16.6042 6.73013 1.66197
-16.6932 6.62491 1.66235
-16.7539 6.5442 1.65501
-16.8083 6.49028 1.65115
-16.8686 6.42916 1.64488
-16.9283 6.36389 1.63946
-16.9966 6.29183 1.63301
-17.0661 6.20482 1.62362
-17.1609 6.07639 1.62136
-17.2287 5.97468 1.62124
-17.4452 5.65309 1.61875
-17.5129 5.54816 1.61407
-17.5198 5.53677 1.60913
-17.5208 5.53464 1.60156
-17.4929 5.55327 1.59266
-17.4386 5.64104 1.58567
-17.4223 5.67258 1.57295
-17.4265 5.68215 1.56146
-17.4458 5.6831 1.5542
-17.5564 5.57451 1.54906
-17.6434 5.50245 1.542
-17.7142 5.457 1.53898
-17.7929 5.41525 1.53988
-17.8651 5.35274 1.53976
-17.9445 5.29188 1.54034
-18.0179 5.22788 1.54121
-18.0819 5.18358 1.54387
-18.1387 5.13845 1.54715
-18.2073 5.07961 1.5493
-18.2843 5.01091 1.55083
-18.3578 4.9559 1.55143
-18.4205 4.8838 1.54489
-18.4978 4.80425 1.54548
-18.5599 4.7426 1.54345
-18.6474 4.66282 1.54412
-18.7297 4.58302 1.54473
-18.8123 4.49872 1.54571
-18.8834 4.44435 1.55184
-19.0064 4.32743 1.56197
-19.2899 4.07868 1.57682
-19.42 3.94899 1.58526
-19.537 3.8074 1.58555
-19.6781 3.63229 1.57858
-19.7853 3.50834 1.57413
-19.8976 3.4098 1.57465
-19.9695 3.34162 1.56835
-20.0655 3.26443 1.56802
-20.1459 3.18831 1.56381
-20.2343 3.10118 1.55943
-20.3125 3.02932 1.5556
-20.4136 2.91237 1.54694
-20.5199 2.78099 1.53755
-20.6189 2.66108 1.5276
-20.7267 2.54787 1.51937
-20.8112 2.46262 1.51377
-20.9076 2.33682 1.504
-21.0195 2.22741 1.50128
-21.1122 2.15427 1.50277
-21.2019 2.08846 1.50695
-21.2832 2.03884 1.51451
-21.3748 1.96309 1.5223
-21.4483 1.89659 1.532
-21.5331 1.82257 1.54344
-21.6153 1.74862 1.55722
-21.6915 1.68303 1.56976
-21.7589 1.56919 1.57406
-21.8434 1.44552 1.58078
-21.9006 1.32173 1.58516
-21.965 1.19682 1.59343
-22.019 1.10203 1.60196
-22.0918 0.995307 1.61382
-22.1553 0.913608 1.63285
-22.215 0.816982 1.66301
-22.2683 0.742085 1.69762
-22.3369 0.671554 1.74768
-22.3806 0.608782 1.80263
-22.4275 0.547262 1.87331
-22.459 0.484045 1.94149
-22.4888 0.411684 2.02751
-22.4939 0.33679 2.10791
-22.4955 0.258699 2.19547
-22.496 0.194972 2.26647
-22.4931 0.125928 2.33993
-22.4838 0.0602552 2.39497
-22.475 -0.00213872 2.4533
-22.4678 -0.0447913 2.50035
-22.4507 -0.0988992 2.55021
-22.4293 -0.149665 2.58925
-22.3995 -0.214236 2.62603
-22.3642 -0.274178 2.65192
-22.3146 -0.321103 2.6665
-22.263 -0.385905 2.68298
-22.1996 -0.453273 2.70152
-22.1483 -0.537905 2.71808
-22.085 -0.640764 2.72842
-22.0228 -0.731491 2.73107
-21.976 -0.842462 2.73816
-21.9445 -0.942647 2.7495
-21.897 -1.06079 2.75724
-21.8494 -1.16806 2.76234
-21.762 -1.31213 2.76298
-21.6732 -1.43654 2.75914
-21.5814 -1.58531 2.76509
-21.4894 -1.69473 2.76206
-21.4164 -1.82832 2.76379
-21.3745 -1.94368 2.76569
-21.3177 -2.07989 2.77527
-21.2755 -2.1973 2.78602
-21.2281 -2.3168 2.79841
-21.1823 -2.42682 2.81045
-21.1256 -2.55371 2.82146
-21.0783 -2.65408 2.825
-21.0134 -2.78106 2.83587
-20.9659 -2.89151 2.85144
-20.8905 -3.02262 2.86848
-20.8256 -3.13303 2.88464
-20.7469 -3.26463 2.90464
-20.6746 -3.38051 2.91125
-20.6405 -3.46481 2.93551
-20.6053 -3.53804 2.95529
-20.5275 -3.64405 2.97282
-20.4157 -3.77534 2.97244
-20.3522 -3.86499 2.9902
-20.2857 -3.95679 3.00115
-20.2296 -4.04173 3.01236
-20.1575 -4.14371 3.01895
-20.0876 -4.26259 3.02002
-19.9954 -4.36319 3.00671
-19.9269 -4.45538 2.99678
-19.8542 -4.56744 2.98882
-19.7886 -4.66509 2.98325
-19.7248 -4.75864 2.97654
-19.649 -4.87042 2.97561
-19.5728 -4.95787 2.97562
-19.4921 -5.06705 2.98848
-19.4072 -5.18378 3.0142
-19.3217 -5.29021 3.03722
-19.2228 -5.40687 3.0611
-19.1454 -5.49543 3.06237
-19.0641 -5.58953 3.0483
-18.9764 -5.6865 3.02841
-18.891 -5.79698 3.00968
-18.7883 -5.9098 2.98938
-18.7175 -6.02644 2.97272
-18.6543 -6.1272 2.9692
-18.5716 -6.2442 2.96988
-18.481 -6.35358 2.97569
-18.4154 -6.442 2.99323
-18.3388 -6.57499 3.02821
-18.2589 -6.67809 3.05668
-18.1819 -6.76967 3.08843
-18.0817 -6.87203 3.12185
-17.9765 -6.96986 -3.13991
-17.8617 -7.07254 -3.12327
-17.7731 -7.16108 -3.10897
-17.6704 -7.26018 -3.09366
-17.5759 -7.35462 -3.08662
-17.4697 -7.45038 -3.0857
-17.3854 -7.53192 -3.08393
-17.2846 -7.62765 -3.08937
-17.2002 -7.71327 -3.09786
-17.1264 -7.79599 -3.11652
-17.0385 -7.87736 -3.13721
-16.8819 -7.99463 3.12007
-16.777 -8.06602 3.10166
-16.6818 -8.15927 3.08638
-16.6198 -8.2403 3.08034
-16.5652 -8.34294 3.08185
-16.4948 -8.45036 3.09217
-16.3917 -8.57076 3.10877
-16.3187 -8.66611 3.12222
-16.246 -8.75175 3.131
-16.1582 -8.84638 3.13806
-16.0839 -8.92483 -3.13389
-15.9967 -9.02481 -3.12644
-15.9105 -9.11056 -3.12004
-15.8196 -9.20546 -3.1189
-15.7392 -9.29458 -3.11979
-15.6521 -9.38053 -3.12401
-15.5534 -9.4745 -3.1318
-15.4647 -9.55642 -3.13786
-15.3637 -9.65706 3.13924
-15.2678 -9.75505 3.12597
-15.1798 -9.85207 3.1134
-15.0846 -9.95841 3.09615
-14.9922 -10.0515 3.08693
-14.9009 -10.1535 3.08442
-14.8112 -10.2538 3.07765
-14.7291 -10.3569 3.07367
-14.643 -10.4619 3.07542
-14.5616 -10.5582 3.08088
-14.4747 -10.6567 3.08484
-14.3966 -10.7431 3.08937
-14.3088 -10.8358 3.08856
-14.2338 -10.9238 3.08911
-14.1438 -11.0398 3.08874
-14.0616 -11.1346 3.08709
-13.9749 -11.247 3.08693
-13.8966 -11.3365 3.08855
-13.7835 -11.4381 3.08794
-13.6713 -11.5278 3.07917
-13.5426 -11.6286 3.0711
-13.4358 -11.7193 3.05736
-13.3437 -11.832 3.04644
-13.2782 -11.9288 3.04542
-13.2145 -12.0418 3.0479
-13.1474 -12.1331 3.04401
-13.0705 -12.2403 3.04219
-12.9882 -12.3407 3.04301
-12.9102 -12.4483 3.05842
-12.834 -12.5478 3.08084
-12.7372 -12.6627 3.10784
-12.6518 -12.7584 3.12489
-12.5517 -12.8611 3.14089
-12.4747 -12.9529 -3.12633
-12.3862 -13.0416 -3.11301
-12.2907 -13.1344 -3.09378
-12.1917 -13.2277 -3.06715
-12.1032 -13.3061 -3.04407
-12.0077 -13.3876 -3.01655
-11.9277 -13.4571 -2.99993
-11.8333 -13.531 -2.98214
-11.7489 -13.5969 -2.96177
-11.661 -13.6609 -2.93396
-11.5583 -13.7271 -2.89667
-11.4431 -13.7745 -2.86106
-11.3421 -13.8384 -2.81241
-11.2544 -13.8884 -2.77044
-11.1274 -13.9238 -2.73174
-11.0001 -13.9407 -2.69076
-10.8467 -13.9511 -2.6496
-10.7048 -13.9485 -2.60769
-10.5295 -13.9301 -2.56146
-10.3918 -13.9199 -2.52216
-10.2313 -13.8991 -2.48448
-10.0773 -13.8821 -2.45526
-9.92402 -13.853 -2.42822
-9.79724 -13.8379 -2.39903
-9.64072 -13.8173 -2.35842
-9.35446 -13.7062 -2.30834
-9.35818 -13.7554 -2.26742
-9.56383 -13.9691 -2.22845
-9.58301 -14.0468 -2.18062
-9.58005 -14.0883 -2.13225
-9.55913 -14.1209 -2.07153
-9.60406 -14.2232 -2.01442
-9.71182 -14.3873 -1.94968
-9.78865 -14.4975 -1.89548
-9.88967 -14.6125 -1.81151
-9.88239 -14.6331 -1.75655
-10.0991 -14.8248 -1.70297
-10.0895 -14.8175 -1.65472
-10.1022 -14.8256 -1.59646
-10.0434 -14.7545 -1.5564
-9.92946 -14.6246 -1.53699
-9.7571 -14.4417 -1.53627
-9.62438 -14.2896 -1.53347
-9.44765 -14.0964 -1.53195
-9.38981 -14.0223 -1.52479
-9.68426 -14.3573 -1.5177
-9.95665 -14.6463 -1.5108
-9.97708 -14.6591 -1.50674
-9.86474 -14.5156 -1.50732
-9.77521 -14.4032 -1.50866
-9.6963 -14.3023 -1.51263
-9.68623 -14.2841 -1.51838
-9.59279 -14.1681 -1.52507
-9.54568 -14.1091 -1.5291
-9.496 -14.0486 -1.53385
-9.47144 -14.0149 -1.53894
-9.35749 -13.8762 -1.54975
-9.27128 -13.776 -1.55659
-9.14969 -13.6387 -1.55694
-9.02097 -13.4918 -1.55573
-8.8283 -13.267 -1.55377
-8.7888 -13.2222 -1.54558
-8.70273 -13.1217 -1.53824
-8.64922 -13.0587 -1.53494
-8.5926 -12.9908 -1.5346
-8.59308 -12.9865 -1.53371
-8.43928 -12.8059 -1.53271
-8.35273 -12.7049 -1.53168
-8.21664 -12.5451 -1.53224
-8.01911 -12.3244 -1.53503
-7.91 -12.1943 -1.54267
-7.77744 -12.0587 -1.5424
-7.66087 -11.9363 -1.54209
-7.14294 -11.2476 -1.56219
-6.76422 -10.7831 -1.55699
-6.64123 -10.6401 -1.56279
-6.54897 -10.5074 -1.57427
-6.45249 -10.4094 -1.58981
-6.34556 -10.311 -1.597
-6.23969 -10.2372 -1.595
-6.14347 -10.1744 -1.59114
-6.04507 -10.0991 -1.57905
-5.93407 -9.99412 -1.56599
-5.83162 -9.88366 -1.55586
-5.69266 -9.73438 -1.54452
-5.58234 -9.61301 -1.52662
-5.35905 -9.31873 -1.51833
-5.26766 -9.17567 -1.5121
-5.13752 -8.9909 -1.50798
-5.01352 -8.83375 -1.50506
-4.90774 -8.69986 -1.50352
-4.83855 -8.60995 -1.50275
-4.72554 -8.4654 -1.50144
-4.63625 -8.35385 -1.49307
-4.54016 -8.22813 -1.49153
-4.45513 -8.11938 -1.48364
-4.34208 -7.97608 -1.47362
-4.25796 -7.86927 -1.46403
-4.16107 -7.7346 -1.4561
-4.0953 -7.64317 -1.44745
-4.00013 -7.51958 -1.45004
-3.89253 -7.38109 -1.46098
-3.78803 -7.2518 -1.48591
-3.68543 -7.12818 -1.5108
-3.56723 -6.99707 -1.54416
-3.47737 -6.90155 -1.56783
-3.37329 -6.79235 -1.57419
-3.23901 -6.65101 -1.57294
-3.10041 -6.50315 -1.56926
-3.01505 -6.41096 -1.56604
-2.88099 -6.26673 -1.56612
-2.79994 -6.18112 -1.56788
-2.66358 -6.03694 -1.57358
-2.59011 -5.96305 -1.57019
-2.46558 -5.83172 -1.56806
-2.38233 -5.74247 -1.56703
-2.2273 -5.57341 -1.56961
-2.11365 -5.45214 -1.57538
-1.96939 -5.29922 -1.58342
-1.88279 -5.20765 -1.58226
-1.72122 -5.03419 -1.58126
-1.61294 -4.91822 -1.57806
-1.48569 -4.78109 -1.57607
-1.40331 -4.6932 -1.57845
-1.26142 -4.54003 -1.58371
-1.15421 -4.42578 -1.58199
-1.04193 -4.30471 -1.58033
-0.846 -4.09323 -1.57654
-0.738653 -3.97312 -1.57392
-0.594564 -3.81356 -1.58028
-0.480018 -3.6848 -1.58281
-0.365528 -3.56047 -1.58241
-0.259999 -3.44278 -1.58058
-0.157932 -3.32804 -1.5725
-0.0338776 -3.1824 -1.55573
0.0808059 -3.04255 -1.53751
0.164816 -2.9436 -1.51552
0.264181 -2.81504 -1.48998
0.344761 -2.7095 -1.46794
0.427413 -2.58127 -1.43756
0.493677 -2.42596 -1.42048
0.556681 -2.3001 -1.38703
0.612059 -2.19342 -1.35506
0.673585 -2.07717 -1.31457
0.706988 -1.97832 -1.27534
0.746396 -1.86176 -1.22291
0.78009 -1.75263 -1.16618
0.800761 -1.6503 -1.10835
0.816413 -1.53108 -1.03607
0.821515 -1.43077 -0.976093
0.823123 -1.32243 -0.906752
0.817307 -1.20894 -0.847064
0.806303 -1.11085 -0.791645
0.786053 -1.00979 -0.726142
0.752647 -0.898419 -0.660882
0.718948 -0.792709 -0.585302
0.6854 -0.719588 -0.520099
0.642155 -0.630949 -0.446891
0.592827 -0.55695 -0.383858
0.535389 -0.471445 -0.313645
0.477022 -0.408616 -0.257274
0.414885 -0.338531 -0.197971
0.354781 -0.277649 -0.145935
0.280649 -0.211939 -0.0972086
0.235783 -0.158622 -0.0626277
0.186579 -0.0997491 -0.0350425
0.141881 -0.0566934 -0.0107032
0.10032 -0.0139197 0.025231
0.0616711 0.00833146 0.0418226
0.0287383 0.0392355 0.0528862
0.00734644 0.0582513 0.0562161
-0.0188566 0.0781464 0.0580621
-0.0440264 0.101171 0.057299
-0.0680334 0.131866 0.049321
-0.113665 0.134098 0.0483187
-0.135461 0.159924 0.0413549
-0.15786 0.189696 0.0337044
-0.173562 0.210208 0.0250575
-0.20856 0.224775 0.0191607
-0.236719 0.244621 0.0122124
-0.253788 0.279894 0.00921635
-0.270193 0.325822 0.00844027
-0.276952 0.330729 0.00634367
-0.291539 0.329935 0.00416776
-0.302227 0.333778 0.00184343
-0.306987 0.335579 0.000359621
-0.307005 0.332696 -0.00204278
-0.305068 0.331899 -0.00463498
-0.304894 0.330451 -0.00262562
-0.303468 0.328499 -0.00141724
-0.300259 0.326507 -0.0013854
-0.299647 0.3343 0.00242663
-0.301811 0.326462 -0.00189539
-0.30239 0.322352 -0.00145129
-0.30301 0.316736 -0.00166316
-0.303604 0.312065 -0.00117443
-0.304472 0.305954 -0.000895215
-0.313268 0.283341 -0.00483762
-0.319994 0.265611 -0.0059411
-0.32918 0.249039 -0.00777576
-0.332183 0.252603 -0.00882716
-0.331308 0.25495 -0.00673678
-0.333354 0.254542 -0.00752494
-0.332676 0.261003 -0.00960432
-0.335526 0.26767 -0.0104297
-0.337426 0.269283 -0.00791361
-0.337049 0.270883 -0.00579855
-0.340087 0.275897 -0.00683927
-0.338882 0.275343 -0.00809784
-0.340102 0.28187 -0.0099396
-0.340768 0.284597 -0.00704576
-0.340727 0.280155 -0.00427089
-0.342327 0.280364 -0.00524276
-0.346131 0.285601 -0.00631798
-0.347755 0.282191 -0.00362848
-0.347308 0.284594 -0.00135273
-0.350491 0.285245 -0.00135953
-0.350014 0.290545 -0.00323824
-0.352311 0.287068 -0.000495437
