0 0 0
0.0166059 -0.00916916 0.0142361
0.0258884 -0.00224514 0.00301724
0.0204109 -0.011612 0.00419869
0.0202154 -0.0147062 0.00649392
0.0102065 -0.00939339 0.0136396
-0.000842707 -0.0181758 0.00291424
0.00781416 -0.00510646 0.0066874
0.014567 -0.00890012 0.0101777
0.00233033 -0.0246907 0.00989342
-0.00220144 -0.0166745 -0.00852772
-0.00402916 -0.0209993 -0.0055497
0.000213493 -0.00922896 0.00558907
0.000460304 -0.0158546 0.00673891
0.00362912 -0.019683 -0.00576179
0.00572003 -0.0240681 -0.00349426
-0.0119589 -0.021572 0.0169808
-0.0110365 0.0185673 0.00426669
-0.0344364 0.0399615 -0.015476
-0.0968915 0.0963835 -0.0249447
-0.137726 0.129278 -0.0289686
-0.168788 0.168418 -0.0199412
-0.229282 0.211406 -0.0157377
-0.283598 0.289031 -0.0190156
-0.364051 0.385687 -0.142652
-0.396685 0.42315 0.0138175
-0.432392 0.475164 0.0264956
-0.524439 0.542675 0.0239994
-0.601024 0.601616 0.0228613
-0.645611 0.68765 0.0160956
-0.698972 0.732148 0.0248078
-0.77129 0.802971 0.0224204
-0.834685 0.874254 0.0298929
-0.871958 0.92515 0.0580858
-0.952939 0.986473 0.0415595
-1.00653 1.03666 0.0339903
-1.08278 1.09519 0.0205511
-1.14705 1.16568 0.0277682
-1.21674 1.22575 0.0295576
-1.29563 1.3034 0.0201111
-1.33645 1.35424 0.0502122
-1.41814 1.43283 0.0220834
-1.49455 1.51442 0.0172419
-1.56656 1.59224 0.0626093
-1.61137 1.65493 0.0410174
-1.6869 1.71852 0.0411098
-1.75836 1.76984 0.0343416
-1.82646 1.80494 0.0715475
-1.90294 1.84167 0.0655959
-1.94259 1.94316 0.0651917
-2.01391 2.01342 0.0622833
-2.0525 2.08961 0.0809018
-2.15857 2.10458 0.115132
-2.20466 2.16396 0.138906
-2.26886 2.23655 0.131953
-2.34482 2.27828 0.12658
-2.44204 2.35909 0.117771
-2.56321 2.4128 0.135029
-2.62134 2.48525 0.131943
-2.69026 2.55238 0.124043
-2.77644 2.63462 0.118667
-2.80135 2.66051 0.164003
-2.85324 2.70315 0.184371
-2.97989 2.7991 0.174032
-3.05959 2.86685 0.176875
-3.16009 2.95067 0.166055
-3.23061 2.98541 0.198088
-3.3166 3.02205 0.227853
-3.41396 3.08393 0.230614
-3.51005 3.16207 0.21212
-3.63856 3.21197 0.218596
-3.73803 3.30721 0.197962
-3.80828 3.36756 0.169595
-3.87711 3.38206 0.217427
-3.89962 3.43432 0.262114
-4.06515 3.51904 0.23776
-4.13568 3.57144 0.237065
-4.26301 3.6424 0.2488
-4.3542 3.73688 0.222344
-4.47691 3.82023 0.279458
-4.56528 3.83565 0.283678
-4.69091 3.88109 0.294444
-4.83183 3.93181 0.293466
-4.93613 3.96861 0.319884
-5.0211 3.989 0.354963
-5.19364 4.09698 0.333708
-5.34854 4.14119 0.368586
-5.49393 4.20114 0.36325
-5.64611 4.26521 0.363363
-5.71118 4.31341 0.396825
-5.85355 4.3941 0.409804
-5.99925 4.46393 0.430439
-6.19644 4.4992 0.401057
-6.33779 4.5291 0.383723
-6.50031 4.55302 0.390083
-6.66814 4.55214 0.386731
-6.75323 4.58852 0.394464
-6.92004 4.65231 0.402242
-7.09706 4.73071 0.411556
-7.27059 4.8107 0.425357
-7.3998 4.86827 0.444653
-7.61421 4.86934 0.437163
-7.83519 4.9791 0.409086
-8.05681 4.95638 0.433589
-8.25682 4.86399 0.512518
-0.481571 4.44176 0.500006
-1.59599 4.69025 0.53255
-8.6534 4.94622 0.489306
-9.03437 5.08822 0.507124
-9.28997 5.17989 0.531738
-9.48397 5.14178 0.547046
-9.76008 5.13841 0.537928
-9.87022 5.12496 0.562232
-10.0499 5.13119 0.571808
-10.2753 5.19303 0.563918
-10.5029 5.23629 0.551097
-10.8262 5.28696 0.53592
-11.115 5.27021 0.506331
-11.3315 5.27677 0.483125
-11.5193 5.29312 0.465196
-11.7468 5.31774 0.445772
-11.9249 5.31504 0.430776
-12.275 5.4255 0.423224
-12.5636 5.48173 0.41823
-12.9382 5.51869 0.420003
-13.3064 5.50564 0.419739
-13.6713 5.49529 0.420007
-13.9764 5.49673 0.418163
-14.2512 5.58814 0.419723
-14.4629 5.68836 0.425443
-14.7559 5.80485 0.427523
-15.0369 5.87694 0.425598
-15.3405 5.94908 0.419851
-15.5956 6.02253 0.418461
-15.8484 6.08724 0.41335
-16.1327 6.15897 0.403349
-16.3837 6.23015 0.394687
-16.6186 6.29755 0.388231
-16.8832 6.37844 0.379957
-17.1107 6.44668 0.376662
-17.3477 6.52915 0.370593
-17.5343 6.59961 0.381133
-17.7573 6.66828 0.396323
-17.9374 6.72938 0.407236
-18.1108 6.78778 0.433469
-18.3333 6.85199 0.460906
-18.5352 6.90918 0.486366
-18.724 6.96078 0.508647
-18.9561 7.03691 0.528764
-19.198 7.0847 0.540716
-19.4664 7.13057 0.542327
-19.6826 7.17785 0.546266
-19.9315 7.21648 0.544964
-20.1274 7.25373 0.550705
-20.3218 7.28186 0.555954
-20.5395 7.32086 0.564443
-20.7294 7.36228 0.573767
-20.9109 7.39016 0.58095
-21.1113 7.42059 0.605752
-21.2818 7.44673 0.639025
-21.4841 7.44956 0.684895
-21.6393 7.46093 0.720296
-21.8241 7.45685 0.758347
-22.0109 7.43494 0.783511
-22.1657 7.3969 0.799147
-22.3346 7.35708 0.811987
-22.467 7.32618 0.830097
-22.6421 7.26507 0.845314
-22.7988 7.20469 0.861707
-22.9503 7.14634 0.879153
-23.1334 7.06987 0.894992
-23.266 7.01021 0.910163
-23.4184 6.9629 0.933956
-23.5856 6.90819 0.962911
-23.7239 6.84592 0.987659
-23.8793 6.77754 1.02427
-24.0038 6.72232 1.0551
-24.139 6.65898 1.08796
-24.2553 6.60639 1.1151
-24.3808 6.53976 1.14915
-24.4848 6.4694 1.18258
-24.6023 6.4126 1.22407
-24.693 6.3535 1.26102
-24.8051 6.2723 1.3026
-24.8979 6.20152 1.33746
-25.0056 6.06002 1.37421
-25.1089 5.8916 1.40027
-25.246 5.56176 1.44077
-25.2705 5.66834 1.45978
-25.2874 5.84701 1.4799
-25.3005 6.04941 1.50017
-25.2982 6.24607 1.51824
-25.3236 6.44056 1.54065
-25.3327 6.54633 1.56186
-25.3909 6.51445 1.59769
-25.3968 6.70697 1.62949
-25.4227 6.87054 1.67347
-25.4224 7.01115 1.70877
-25.4502 7.05876 1.7443
-25.4756 7.07937 1.78138
-25.5019 7.02974 1.80987
-25.5503 6.96274 1.84416
-25.5954 6.86842 1.87168
-25.6447 6.7372 1.90426
-25.6821 6.61432 1.93618
-25.7079 6.39628 1.97244
-25.7227 6.25007 2.00123
-25.7422 6.08383 2.02854
-25.7591 5.96059 2.04704
-25.7832 5.81827 2.06663
-25.8105 5.705 2.08766
-25.8289 5.53738 2.10744
-25.8285 5.12487 2.12614
-25.8365 4.93184 2.14599
-25.8539 4.75633 2.16369
-25.841 4.59063 2.17046
-25.8443 4.40361 2.18204
-25.8547 4.23378 2.19057
-25.8751 4.06877 2.19705
-25.8975 3.95043 2.19713
-25.9332 3.81048 2.19379
-25.964 3.67202 2.19266
-25.9476 3.46196 2.17893
-25.9518 3.32179 2.16479
-25.9581 3.15735 2.15455
-25.9611 2.96639 2.14537
-25.973 2.81432 2.14573
-26.0689 2.65637 2.14774
-26.0436 2.47365 2.14602
-25.9529 2.26828 2.15052
-25.9459 2.12854 2.14781
-25.9455 1.96915 2.14135
-25.9589 1.82823 2.14009
-25.9901 1.68916 2.14034
-26.0205 1.60531 2.13942
-26.0537 1.50949 2.13713
-26.0904 1.3893 2.13888
-26.114 1.25859 2.1336
-26.1409 1.13265 2.13095
-26.1364 1.0105 2.1095
-26.1438 0.812789 2.10743
-26.1553 0.722524 2.10764
-26.1758 0.39883 2.10789
-26.1877 0.211343 2.10642
-26.1933 0.0509792 2.10511
-26.222 -0.138291 2.11094
-26.2669 -0.357196 2.1136
-26.303 -0.518714 2.11314
-26.3225 -0.638409 2.10482
-26.3505 -0.726025 2.10028
-26.3807 -0.824507 2.09316
-26.4079 -0.927097 2.08655
-26.4408 -1.04158 2.07909
-26.4669 -1.17258 2.06855
-26.4975 -1.36151 2.06508
-26.5141 -1.50716 2.06369
-26.5704 -1.96811 2.06034
-26.5855 -2.117 2.05468
-26.5865 -2.13309 2.0489
-26.5861 -2.13612 2.04015
-26.566 -2.1014 2.03009
-26.5508 -1.98088 2.00918
-26.5493 -1.93866 1.99508
-26.5585 -1.93071 1.98266
-26.5795 -1.93995 1.97426
-26.6422 -2.11473 1.96793
-26.6985 -2.23783 1.95937
-26.7512 -2.32367 1.9552
-26.8146 -2.40953 1.95501
-26.8603 -2.51443 1.95367
-26.9148 -2.62116 1.95327
-26.9613 -2.72821 1.95286
-27.0078 -2.80916 1.95394
-27.0461 -2.88723 1.95575
-27.0904 -2.98617 1.95624
-27.1391 -3.10002 1.95608
-27.1911 -3.19717 1.9551
-27.2228 -3.30739 1.94722
-27.2669 -3.43307 1.94616
-27.3036 -3.53156 1.94273
-27.3592 -3.66247 1.94209
-27.4093 -3.79079 1.94145
-27.4577 -3.9242 1.94093
-27.5082 -4.01922 1.94456
-27.5854 -4.20826 1.95295
-27.7746 -4.62076 1.96636
-27.8539 -4.82721 1.97289
-27.9135 -5.04036 1.97152
-27.9837 -5.30223 1.9625
-28.0419 -5.49119 1.95654
-28.1181 -5.65451 1.95526
-28.1645 -5.76488 1.94603
-28.2337 -5.89674 1.94301
-28.2865 -6.01986 1.93653
-28.3431 -6.1591 1.92907
-28.3961 -6.27654 1.92174
-28.4541 -6.45509 1.91045
-28.5116 -6.65224 1.89861
-28.5668 -6.83321 1.88592
-28.6355 -7.01072 1.87515
-28.6915 -7.14598 1.86736
-28.7425 -7.33256 1.85518
-28.819 -7.50774 1.8495
-28.8908 -7.63297 1.84903
-28.9628 -7.74847 1.85137
-29.0327 -7.84176 1.85675
-29.1028 -7.96946 1.8614
-29.1569 -8.07844 1.86884
-29.2207 -8.20116 1.87635
-29.2821 -8.3227 1.88567
-29.341 -8.43185 1.8952
-29.3691 -8.59301 1.89614
-29.4134 -8.77303 1.90081
-29.4263 -8.94164 1.90205
-29.4475 -9.11484 1.90682
-29.47 -9.24863 1.91241
-29.5101 -9.40442 1.92273
-29.55 -9.52698 1.94046
-29.5793 -9.66549 1.96944
-29.6105 -9.77585 2.00317
-29.6616 -9.88747 2.05238
-29.6867 -9.97961 2.10643
-29.7162 -10.0716 2.17626
-29.723 -10.1571 2.24417
-29.7291 -10.2518 2.3303
-29.7153 -10.3318 2.40397
-29.6986 -10.4256 2.49045
-29.6859 -10.502 2.56122
-29.6746 -10.5867 2.63678
-29.6483 -10.6661 2.69167
-29.6233 -10.7416 2.75063
-29.6104 -10.7665 2.79744
-29.5726 -10.8114 2.84967
-29.5318 -10.848 2.8913
-29.4741 -10.9138 2.92577
-29.4115 -10.9719 2.94988
-29.3374 -11.0089 2.96291
-29.2543 -11.0665 2.97798
-29.1557 -11.1222 2.99559
-29.0646 -11.2033 3.01162
-28.9515 -11.3009 3.02189
-28.8446 -11.3846 3.02485
-28.9928 -11.628 3.08595
-28.9131 -11.7309 3.09844
-28.8076 -11.8476 3.10841
-28.7061 -11.9511 3.11585
-28.5546 -12.0648 3.11722
-28.4059 -12.1579 3.11397
-28.2423 -12.2776 3.12075
-28.0957 -12.3526 3.11834
-28.1034 -12.372 3.13231
-28.0172 -12.4719 3.13643
-27.9047 -12.5874 -3.13398
-27.8114 -12.6922 -3.12052
-27.7087 -12.798 -3.1054
-27.6088 -12.8956 -3.09118
-27.4795 -13.0119 -3.08097
-25.9395 -13.7965 -3.03456
-25.7899 -13.906 -3.02371
-25.7042 -13.9853 -3.00033
-25.5506 -14.0869 -2.98336
-25.42 -14.1717 -2.96722
-25.2632 -14.2717 -2.94717
-26.5662 -13.6287 -2.9873
-26.4896 -13.7048 -2.96302
-26.4153 -13.7688 -2.94597
-26.2759 -13.8488 -2.93125
-26.0792 -13.9304 -2.9304
-25.984 -13.9898 -2.91386
-25.8807 -14.0521 -2.90364
-25.7939 -14.1114 -2.89279
-25.6872 -14.1789 -2.88615
-25.5709 -14.2687 -2.88418
-32.2425 -11.172 -2.84778
-32.143 -11.2349 -2.85336
-32.029 -11.3036 -2.86038
-31.9262 -11.3626 -2.86496
-31.8196 -11.4232 -2.87096
-31.6943 -11.4951 -2.87061
-31.7989 -11.4434 -2.84774
-31.6709 -11.5049 -2.83256
-31.5467 -11.5729 -2.80858
-31.4017 -11.6356 -2.78446
-31.2375 -11.7009 -2.7592
-31.1133 -11.748 -2.75635
-30.9798 -11.7992 -2.76903
-30.8293 -11.8559 -2.79008
-30.6735 -11.9292 -2.80956
-30.4977 -11.9955 -2.83
-30.3539 -12.0825 -2.84641
-30.2297 -12.1499 -2.85089
-30.0749 -12.2238 -2.85147
-29.9169 -12.2838 -2.84785
-29.7978 -12.3365 -2.83263
-29.6479 -12.4354 -2.80045
-29.5198 -12.4987 -2.7705
-29.4027 -12.5507 -2.73658
-29.2675 -12.5984 -2.69986
-29.1189 -12.6471 -2.67764
-28.9557 -12.6951 -2.65913
-28.8222 -12.7348 -2.64992
-28.6665 -12.7786 -2.6394
-28.4932 -12.8069 -2.62458
-28.3072 -12.8299 -2.61942
-28.1509 -12.8704 -2.61996
-27.9667 -12.9173 -2.62848
-27.8273 -12.9521 -2.64174
-27.7013 -12.99 -2.66635
-27.5595 -13.0324 -2.69672
-27.3486 -13.0925 -2.72162
-27.2293 -13.1386 -2.73461
-27.0895 -13.1922 -2.74915
-27.0088 -13.2286 -2.7655
-26.9169 -13.2979 -2.77127
-26.8072 -13.3638 -2.76832
-26.6662 -13.4217 -2.76237
-26.5596 -13.4763 -2.75578
-26.4365 -13.5243 -2.75021
-26.2914 -13.576 -2.74683
-26.1703 -13.6166 -2.74028
-26.0233 -13.6773 -2.73724
-25.8981 -13.7225 -2.73574
-25.7657 -13.775 -2.7404
-25.6799 -13.8064 -2.74087
-25.5904 -13.8294 -2.74577
-25.6212 -13.7704 -2.75596
-25.6603 -13.7096 -2.77011
-25.6995 -13.6522 -2.7914
-25.7603 -13.5893 -2.82638
-25.8199 -13.5398 -2.86254
-25.8951 -13.4858 -2.9092
-25.9822 -13.4204 -2.94885
-26.0827 -13.3607 -2.9846
-26.2017 -13.2932 -3.02622
-26.1635 -13.3347 -3.03453
-26.1272 -13.373 -3.03611
-26.0923 -13.4072 -3.03274
-26.0389 -13.4511 -3.02993
-25.922 -13.5483 -3.02492
-25.7918 -13.6508 -3.02415
-25.6771 -13.7535 -3.02051
-25.5379 -13.8828 -3.01723
-25.5927 -13.8775 -3.00906
-25.7094 -13.8278 -2.99041
-25.841 -13.7508 -2.96853
-26.0093 -13.6217 -2.94832
-25.9819 -13.6351 -2.94741
-25.9411 -13.6501 -2.94483
-25.9089 -13.6673 -2.94864
-25.7523 -13.7854 -2.9557
-25.7595 -13.7856 -2.94907
-25.7319 -13.8268 -2.93911
-25.6847 -13.8577 -2.93749
-25.6429 -13.8855 -2.93185
-25.5355 -13.9396 -2.93155
-25.4001 -14.0324 -2.91711
-25.2702 -14.1167 -2.89571
-25.1101 -14.2106 -2.86983
-24.9712 -14.287 -2.85417
-24.812 -14.3658 -2.84036
-24.6844 -14.4417 -2.82674
-24.5445 -14.5097 -2.81641
-24.3947 -14.5802 -2.80013
-24.2406 -14.6503 -2.77672
-24.1046 -14.7076 -2.75713
-23.9583 -14.7669 -2.74023
-23.8358 -14.819 -2.72625
-23.6943 -14.8712 -2.71188
-23.568 -14.9182 -2.69411
-23.4379 -14.9619 -2.66888
-23.2893 -15.003 -2.63437
-23.1324 -15.0173 -2.60151
-22.9864 -15.0572 -2.55612
-22.8613 -15.0858 -2.51856
-22.6938 -15.0827 -2.48251
-22.5325 -15.0574 -2.44415
-22.3415 -15.0151 -2.40485
-22.1688 -14.9613 -2.36476
-21.9864 -14.9185 -2.32735
-21.845 -14.8979 -2.2922
-21.6806 -14.8598 -2.25412
-21.5265 -14.8347 -2.21901
-21.3486 -14.7459 -2.1939
-21.198 -14.6837 -2.16676
-21.0125 -14.6047 -2.12774
-20.6981 -14.3702 -2.07927
-20.6857 -14.4322 -2.03985
-20.8664 -14.7655 -2.00289
-20.8633 -14.8681 -1.95865
-20.8453 -14.9187 -1.91269
-20.808 -14.9524 -1.85558
-20.8298 -15.0945 -1.80142
-20.9103 -15.334 -1.73899
-20.9701 -15.4965 -1.68761
-21.0099 -15.6942 -1.92076
-20.9855 -15.7303 -1.91665
-21.3687 -16.0274 -1.86833
-21.3497 -16.0165 -1.82694
-21.3713 -16.0288 -1.77205
-21.2601 -15.916 -1.73715
-21.0446 -15.7103 -1.72341
-20.7176 -15.422 -1.72982
-20.4576 -15.1807 -1.74118
-20.1058 -14.8748 -1.75291
-19.9821 -14.7556 -1.75866
-20.5847 -15.2924 -1.76607
-21.1504 -15.7528 -1.77929
-21.183 -15.7723 -1.80163
-20.9093 -15.5328 -1.81748
-20.6689 -15.3456 -1.86645
-20.437 -15.1713 -1.90231
-20.3945 -15.1373 -1.92589
-20.1019 -14.9299 -1.94602
-19.9452 -14.8234 -1.96317
-19.7743 -14.7144 -1.9841
-19.678 -14.651 -2.00512
-19.28 -14.3953 -2.02081
-18.9732 -14.2139 -2.03888
-18.539 -13.9682 -2.04967
-18.0761 -13.7058 -2.05387
-17.379 -13.3027 -2.0559
-17.2335 -13.2246 -2.05159
-16.9196 -13.048 -2.04786
-16.7177 -12.9388 -2.05172
-16.5083 -12.8231 -2.05593
-16.5002 -12.8125 -2.05884
-15.9555 -12.5184 -2.06023
-15.6504 -12.3568 -2.06109
-15.175 -12.104 -2.06324
-14.5025 -11.7691 -2.06739
-14.1259 -11.5691 -2.07627
-13.6958 -11.3832 -2.07727
-13.3245 -11.2189 -2.07768
-11.5991 -10.2005 -2.09694
-10.3622 -9.56099 -2.0699
-10.0582 -9.41911 -2.06951
-9.82521 -9.27927 -2.07737
-9.61449 -9.19763 -2.08903
-9.39453 -9.12366 -2.094
-9.19494 -9.0852 -2.09038
-9.01759 -9.05675 -2.08463
-8.82988 -9.01239 -2.06857
-8.60987 -8.93574 -2.05052
-8.40409 -8.84769 -2.03757
-8.1288 -8.7301 -2.02275
-7.91137 -8.63398 -2.00167
-7.44979 -8.37716 -1.98983
-7.25001 -8.24379 -1.98101
-6.97699 -8.07978 -1.968
-6.73382 -7.95001 -1.95576
-6.53209 -7.84091 -1.9475
-6.40089 -7.76743 -1.94086
-6.19112 -7.65084 -1.93103
-6.02803 -7.56335 -1.90608
-5.85745 -7.463 -1.89361
-5.71142 -7.37722 -1.8791
-5.52043 -7.26477 -1.86104
-5.38018 -7.18107 -1.84445
-5.2156 -7.07187 -1.82648
-5.10515 -6.99823 -1.80546
-4.95289 -6.90055 -1.79759
-4.78418 -6.79115 -1.79779
-4.62498 -6.69008 -1.81348
-4.47172 -6.59418 -1.82714
-4.30182 -6.49497 -1.849
-4.17568 -6.42357 -1.86098
-4.03243 -6.34135 -1.85733
-3.84993 -6.23368 -1.84584
-3.66316 -6.11965 -1.82967
-3.54931 -6.04769 -1.81582
-3.37323 -5.93377 -1.80504
-3.26811 -5.86632 -1.79369
-3.0945 -5.75032 -1.79115
-3.00222 -5.69185 -1.77426
-2.84734 -5.58421 -1.76229
-2.74452 -5.51022 -1.75267
-2.55461 -5.36783 -1.74762
-2.41693 -5.26555 -1.74564
-2.24389 -5.1356 -1.74675
-2.14065 -5.05763 -1.73643
-1.9497 -4.90769 -1.72609
-1.82291 -4.8069 -1.71192
-1.67568 -4.68593 -1.70343
-1.58103 -4.60832 -1.69738
-1.41938 -4.47135 -1.69407
-1.29844 -4.36875 -1.6824
-1.17302 -4.25867 -1.67304
-0.956029 -4.0646 -1.6614
-0.837719 -3.95347 -1.65083
-0.680474 -3.80475 -1.64915
-0.556417 -3.68386 -1.64355
-0.433813 -3.56655 -1.63493
-0.321673 -3.4544 -1.62722
-0.213896 -3.34437 -1.61471
-0.0833087 -3.20385 -1.59385
0.0370378 -3.06832 -1.57111
0.124596 -2.97222 -1.5453
0.228062 -2.84692 -1.51109
0.311014 -2.74305 -1.48688
0.396239 -2.61642 -1.45317
0.46503 -2.46211 -1.4334
0.529747 -2.33706 -1.39773
0.586337 -2.23098 -1.36379
0.64895 -2.1153 -1.32106
0.683032 -2.01668 -1.28015
0.723041 -1.90033 -1.22595
0.757096 -1.79133 -1.16761
0.777933 -1.68905 -1.10834
0.793597 -1.56985 -1.03467
0.798565 -1.46954 -0.973644
0.799911 -1.3612 -0.90341
0.793715 -1.24773 -0.842954
0.782305 -1.14968 -0.786821
0.761562 -1.04873 -0.720493
0.727517 -0.937596 -0.65392
0.693073 -0.832132 -0.577655
0.658958 -0.759293 -0.511742
0.616923 -0.66183 -0.435158
0.571373 -0.60751 -0.367959
0.519603 -0.525466 -0.304975
0.467024 -0.465487 -0.254832
0.410752 -0.389704 -0.197242
0.376308 -0.320642 -0.141035
0.319975 -0.245317 -0.0868361
0.27862 -0.196249 -0.050676
0.232903 -0.152888 -0.0195778
0.195002 -0.0948435 0.000874045
0.130212 -0.0431184 0.0339356
0.0786601 0.00138665 0.0543877
0.0461273 0.0215252 0.0659485
0.0256174 0.0389305 0.0699478
0.00042948 0.0569499 0.0725484
-0.0240374 0.0783934 0.0723903
-0.062211 0.0913267 0.0562534
-0.00282031 0.140727 0.0779589
-0.0729198 0.166549 0.0515598
-0.115808 0.184559 0.0267634
-0.14186 0.199447 0.0122734
-0.183169 0.216506 -0.000245353
-0.203866 0.248219 -0.0188645
-0.243217 0.270889 -0.0670798
-0.281264 0.296845 -0.0835408
-0.300276 0.291223 -0.0630424
-0.320602 0.282168 -0.044402
-0.279922 0.302226 -0.00934664
-0.298269 0.303785 -0.0111551
-0.303086 0.308585 -0.0236881
-0.311136 0.308538 -0.0484604
-0.321038 0.308211 -0.0686302
-0.30662 0.303826 -0.0455921
-0.291952 0.299991 -0.0265283
-0.294304 0.299476 -0.0244025
-0.299771 0.304981 -0.0362418
-0.299145 0.310713 -0.0682767
-0.293123 0.310068 -0.0344656
-0.288636 0.308334 -0.0195401
-0.284718 0.305015 -0.00585062
-0.279194 0.30172 0.0041362
-0.276506 0.304671 0.0127438
-0.276216 0.321104 0.0171157
-0.279306 0.324592 0.0160643
-0.27849 0.32696 0.0181547
-0.280526 0.326502 0.0173665
-0.280008 0.332977 0.0152871
-0.283023 0.339571 0.0144618
-0.284963 0.341136 0.0169779
-0.284626 0.342745 0.0190929
-0.287788 0.347682 0.0180522
-0.28657 0.347158 0.0167936
-0.287952 0.353653 0.0149519
-0.288685 0.356362 0.0178457
-0.288533 0.351923 0.0206206
-0.290139 0.352092 0.0196487
-0.294072 0.357233 0.0185735
-0.29561 0.353784 0.021263
-0.295224 0.356197 0.0235387
-0.298421 0.356768 0.0235319
-0.298076 0.362079 0.0216532
-0.300286 0.358545 0.024396
