0 0 0
0.000399279 0.00324943 -0.000527595
-0.00355129 0.00692211 0.000315798
0.000189809 0.0071211 0.00198958
-0.00372365 0.00617504 0.00122879
-0.00984637 0.00997761 0.00132482
-0.00852172 0.00188001 0.000372166
-0.00863307 0.0034352 0.000368344
-0.0092321 0.00640256 0.00107948
-0.0085995 0.00477647 -0.000661824
-0.0107394 0.00627356 -0.000996214
-0.0126851 0.00543077 -0.00075197
-0.0101085 0.0132915 -0.000146546
-0.0185125 0.00620334 -0.00296963
-0.0140882 0.00364884 -0.00294106
-0.0177792 0.00577141 -0.00251456
-0.0190121 0.0241735 -0.00544052
-0.0331894 0.0497671 -0.0147046
-0.0510075 0.0713573 -0.028465
-0.0910149 0.121179 -0.0285393
-0.138147 0.158421 -0.0230326
-0.188327 0.196269 -0.0237873
-0.232196 0.261862 -0.0165654
-0.271384 0.329956 -0.00396694
-0.349627 0.379201 0.00153687
-0.408474 0.434909 0.010032
-0.454348 0.497873 0.0151304
-0.530733 0.56441 0.0153894
-0.588903 0.626974 0.0175016
-0.663488 0.698282 0.0141306
-0.714853 0.760764 0.0147147
-0.789359 0.834042 0.00798884
-0.843519 0.898415 0.00294014
-0.90348 0.964905 -0.0011405
-0.969739 1.02454 -0.00377838
-1.02249 1.09806 -0.00767495
-1.08862 1.1559 -0.011344
-1.13864 1.22892 -0.016649
-1.20692 1.29575 -0.0184341
-1.28154 1.36637 -0.0199077
-1.34891 1.41659 -0.0207054
-1.42227 1.49431 -0.0213832
-1.50212 1.55594 -0.0209414
-1.56862 1.62704 -0.0199224
-1.6354 1.69613 -0.0159804
-1.68683 1.77678 -0.0115616
-1.76262 1.82125 -0.013611
-1.81665 1.89355 -0.0114124
-1.87076 1.94527 -0.00840804
-1.92205 2.01824 0.00279233
-2.00048 2.09462 0.0072519
-2.03831 2.16152 0.0188669
-2.11025 2.21054 0.0113204
-2.16403 2.26456 0.0137336
-2.23673 2.34629 0.0121064
-2.29517 2.4088 0.0122996
-2.36069 2.48327 0.011879
-2.46402 2.56587 0.00643184
-2.52451 2.63958 0.0100195
-2.58882 2.70317 0.00845577
-2.66034 2.78949 0.0106572
-2.71557 2.85603 0.0147961
-2.77752 2.93405 0.0187353
-2.85121 3.00319 0.0251055
-2.91236 3.0738 0.0288992
-2.97778 3.1467 0.0417797
-3.06216 3.20759 0.0470202
-3.14995 3.26743 0.0516341
-3.22389 3.34543 0.0547817
-3.28276 3.42145 0.0481482
-3.3844 3.52923 0.033465
-3.46204 3.59367 0.0243453
-3.52175 3.66886 0.0189797
-3.60215 3.74191 0.00823358
-3.66285 3.80399 0.00551293
-3.74321 3.88936 -0.00427692
-3.80033 3.96295 -0.00904737
-3.88138 4.05937 -0.00754716
-3.95911 4.12703 -0.00753738
-4.03751 4.21368 -0.00133951
-4.09948 4.29105 0.00332188
-4.17346 4.35728 0.0112375
-4.25895 4.42394 0.0141681
-4.31556 4.50025 0.0231994
-4.39332 4.58112 0.0309893
-4.48566 4.64792 0.0339165
-4.57284 4.73403 0.0466678
-4.64954 4.81332 0.0501251
-4.75293 4.88958 0.0541972
-4.81704 4.96705 0.0533004
-4.88191 5.05215 0.0662566
-4.98282 5.10386 0.0600332
-5.10033 5.18438 0.0482303
-5.17626 5.25179 0.0413105
-5.2844 5.3251 0.0350268
-5.3976 5.41098 0.0262363
-5.44985 5.48265 0.0246247
-5.53788 5.57549 0.0208014
-5.62436 5.63519 0.0168244
-5.72276 5.66183 0.00830058
-5.78829 5.78539 0.0204892
-5.85238 5.88162 0.0328729
-5.95582 5.96845 0.0379914
-6.04295 6.05715 0.044199
-6.1239 6.13177 0.0584418
-6.20603 6.18961 0.0703298
-6.29014 6.25008 0.0822906
-6.37352 6.33697 0.0952709
-6.46732 6.41257 0.11268
-6.54568 6.46932 0.119889
-6.63108 6.53396 0.12885
-6.70186 6.58933 0.134344
-6.79766 6.64578 0.140388
-6.87844 6.67421 0.139695
-6.94801 6.72035 0.137973
-7.03304 6.77647 0.123036
-7.10789 6.82327 0.100937
-7.19525 6.88852 0.0759666
-7.27934 6.95315 0.0563388
-7.33888 7.01803 0.0390029
-7.4299 7.08425 0.0240277
-7.47479 7.18252 0.00829709
-7.57141 7.27179 -0.00657615
-7.63901 7.35045 -0.0115435
-7.72512 7.45425 -0.00960738
-7.80719 7.53927 -0.00339141
-7.88181 7.60913 0.00275546
-7.95949 7.67466 0.00360348
-8.05506 7.77143 -0.000622714
-8.11156 7.84904 -3.08172e-05
-8.20407 7.95969 -0.0033247
-8.29103 8.04953 -0.0106771
-8.37971 8.13122 -0.0168756
-8.46 8.22361 -0.0223977
-8.54252 8.30326 -0.0305069
-8.61089 8.39365 -0.0420632
-8.67441 8.48624 -0.0518769
-8.76815 8.55321 -0.0667807
-8.84571 8.65654 -0.0826722
-8.9169 8.73613 -0.0949291
-8.96919 8.85046 -0.100608
-9.04404 8.92983 -0.103421
-9.11163 9.02078 -0.090236
-9.1829 9.08766 -0.0778976
-9.24112 9.16073 -0.0565941
-9.33082 9.24471 -0.0370073
-9.41647 9.34287 -0.0132833
-9.48659 9.41764 0.00411432
-9.57326 9.51219 0.0121939
-9.67525 9.60925 0.0195378
-9.75997 9.70484 0.0204787
-9.85538 9.781 0.0179417
-9.97286 9.87443 0.00679205
-10.0581 9.93517 0.00697317
-10.1254 10.0155 0.0143193
-10.1915 10.1041 0.0199824
-10.253 10.164 0.0293474
-10.3327 10.2336 0.0371815
-10.4157 10.3007 0.0601002
-10.4687 10.3681 0.0920233
-10.5482 10.4375 0.138901
-10.6161 10.5017 0.175015
-10.7008 10.5488 0.214467
-10.7875 10.6005 0.241412
-10.8445 10.6412 0.257068
-10.9299 10.685 0.271891
-11.0026 10.7233 0.284767
-11.0931 10.7536 0.301612
-11.1776 10.7767 0.313357
-11.2598 10.8031 0.325698
-11.3267 10.8472 0.330972
-11.4041 10.8634 0.344039
-11.4845 10.9034 0.357492
-11.5533 10.9357 0.377553
-11.6382 10.9621 0.398773
-11.7459 11.0132 0.434258
-11.8064 11.0146 0.45849
-11.8849 11.0362 0.486611
-11.9732 11.0596 0.51512
-12.0563 11.0819 0.544871
-12.1003 11.0799 0.56939
-12.1676 11.0853 0.606811
-12.2444 11.0966 0.642634
-12.3199 11.1106 0.681965
-12.403 11.1109 0.714437
-12.5143 11.0768 0.752904
-12.5931 11.0698 0.775678
-12.767 10.9898 0.81189
-12.7255 11.0561 0.83064
-12.6684 11.1442 0.850963
-12.588 11.2506 0.870353
-12.5028 11.3476 0.88792
-12.4341 11.454 0.909859
-12.394 11.5106 0.930217
-12.4366 11.52 0.965227
-12.3577 11.6184 0.998534
-12.301 11.7112 1.04427
-12.2409 11.7818 1.08065
-12.2409 11.7832 1.11241
-12.2954 11.7669 1.15463
-12.3517 11.7552 1.18889
-12.4359 11.6974 1.22171
-12.4972 11.657 1.24761
-12.5808 11.6122 1.27873
-12.6564 11.572 1.3093
-12.7539 11.5012 1.34576
-12.8337 11.4583 1.3818
-12.9131 11.4046 1.4115
-12.9833 11.3479 1.43201
-13.0772 11.2974 1.45607
-13.1556 11.242 1.47852
-13.2219 11.1872 1.49979
-13.3473 11.0342 1.52171
-13.403 10.969 1.53756
-13.4999 10.8958 1.5559
-13.5488 10.8268 1.56737
-13.588 10.761 1.57873
-13.6677 10.6751 1.58469
-13.7435 10.6105 1.59226
-13.8296 10.5569 1.59684
-13.9184 10.4777 1.59291
-13.9918 10.4077 1.59034
-14.0668 10.3241 1.57696
-14.1295 10.2513 1.56053
-14.2017 10.2004 1.55561
-14.2696 10.1147 1.54553
-14.3327 10.0381 1.54533
-14.4165 9.97028 1.55398
-14.4834 9.86545 1.55505
-14.5608 9.83156 1.56007
-14.6359 9.75004 1.5616
-14.7198 9.68446 1.55795
-14.7759 9.61183 1.55593
-14.8472 9.54181 1.55759
-14.8914 9.47241 1.55122
-14.9629 9.37606 1.54082
-15.0399 9.33561 1.54931
-15.1193 9.2552 1.54165
-15.1934 9.18516 1.54193
-15.2924 9.12831 1.53582
-15.3777 9.02311 1.54128
-15.4309 8.96997 1.54546
-15.5548 8.82899 1.5494
-15.651 8.74687 1.55646
-15.7326 8.67145 1.56194
-15.8092 8.58489 1.57123
-15.9021 8.51193 1.57633
-15.9999 8.42705 1.57786
-16.0354 8.35039 1.56615
-16.1118 8.32057 1.56814
-16.1947 8.23858 1.56435
-16.2693 8.15583 1.55951
-16.3697 8.08931 1.55379
-16.4038 8.03318 1.54607
-16.5265 7.9241 1.54456
-16.6178 7.8479 1.55267
-16.8477 7.54191 1.54909
-16.9503 7.42272 1.54593
-16.9883 7.3957 1.54454
-17.0236 7.35468 1.53339
-17.0277 7.33415 1.52135
-16.9358 7.50041 1.53289
-16.9198 7.47975 1.5044
-16.9565 7.44137 1.48493
-17.0045 7.42188 1.48057
-17.1595 7.32711 1.47983
-17.2151 7.25244 1.4702
-17.2901 7.19008 1.46305
-17.3873 7.14105 1.46467
-17.4735 7.08178 1.46595
-17.5333 7.03296 1.46666
-17.6172 6.96841 1.46827
-17.7392 6.87439 1.47167
-17.7982 6.81404 1.47202
-17.8906 6.743 1.48105
-17.9687 6.67397 1.4782
-18.0528 6.60018 1.4847
-18.1177 6.53902 1.46948
-18.1946 6.46359 1.46022
-18.2863 6.41192 1.46966
-18.3987 6.34717 1.47295
-18.4662 6.26983 1.47036
-18.5618 6.17685 1.47324
-18.6272 6.12829 1.47385
-18.7353 6.04698 1.47926
-19.0383 5.82208 1.49329
-19.1408 5.73852 1.4966
-19.238 5.6371 1.49219
-19.3676 5.51571 1.4857
-19.464 5.44126 1.48121
-19.5742 5.34995 1.48078
-19.6607 5.27872 1.47407
-19.7689 5.20772 1.47121
-19.8421 5.12365 1.46191
-19.9586 5.05327 1.45542
-20.0486 5.00042 1.45595
-20.1599 4.90862 1.45129
-20.2651 4.79611 1.43883
-20.354 4.73796 1.43244
-20.4644 4.66945 1.43037
-20.5512 4.5923 1.42419
-20.6379 4.53462 1.41705
-20.747 4.45112 1.4155
-20.8234 4.36856 1.41252
-20.925 4.29524 1.41259
-21.0213 4.23476 1.41876
-21.1301 4.16426 1.42781
-21.2132 4.10741 1.43701
-21.3074 4.04844 1.44758
-21.4065 3.97077 1.45786
-21.4913 3.90989 1.46809
-21.5641 3.83576 1.47872
-21.6699 3.75132 1.49208
-21.7366 3.66251 1.50276
-21.8205 3.58106 1.51789
-21.8921 3.51518 1.52576
-21.9731 3.44626 1.54169
-22.0415 3.38571 1.5605
-22.1227 3.29542 1.58968
-22.1751 3.24409 1.62161
-22.2455 3.17157 1.67006
-22.2835 3.10393 1.71862
-22.3388 3.03611 1.78808
-22.3766 2.97446 1.85682
-22.4228 2.92884 1.94444
-22.4557 2.84775 2.02695
-22.4643 2.79245 2.11132
-22.4633 2.72193 2.18019
-22.479 2.68794 2.25278
-22.4936 2.64392 2.31121
-22.4819 2.57052 2.36364
-22.4758 2.52692 2.41763
-22.4586 2.46914 2.46965
-22.4441 2.41905 2.51253
-22.4413 2.36073 2.5526
-22.42 2.31167 2.58124
-22.3936 2.24543 2.60125
-22.3735 2.16614 2.62029
-22.3445 2.07733 2.6493
-22.3137 2.00832 2.65779
-22.2675 1.91733 2.66938
-22.2132 1.80817 2.67992
-22.2126 1.7566 2.69258
-22.1824 1.66205 2.70547
-22.1425 1.5578 2.71357
-22.1168 1.49339 2.722
-22.0765 1.39261 2.72398
-22.0217 1.29974 2.72511
-21.9454 1.17927 2.73028
-21.8909 1.06639 2.73355
-21.8677 0.989954 2.74162
-21.8174 0.878355 2.74417
-21.7617 0.75924 2.75501
-21.7157 0.645424 2.76854
-21.6514 0.52467 2.78036
-21.6089 0.416492 2.78919
-21.5584 0.299341 2.79934
-21.4945 0.211647 2.80597
-21.4301 0.0799818 2.81719
-21.3788 -0.0412636 2.83144
-21.3116 -0.166667 2.84587
-21.2554 -0.282671 2.86168
-21.1805 -0.411986 2.8815
-21.1044 -0.503719 2.89471
-21.0473 -0.62747 2.9141
-20.9866 -0.729989 2.93226
-20.9207 -0.823307 2.95019
-20.8179 -0.948984 2.95452
-20.7654 -1.0649 2.97088
-20.7052 -1.13491 2.98128
-20.627 -1.2132 2.98569
-20.5792 -1.31157 2.99508
-20.5046 -1.42125 2.99224
-20.4056 -1.53008 2.98278
-20.3291 -1.62994 2.97457
-20.2607 -1.75295 2.96382
-20.177 -1.85887 2.95998
-20.0986 -1.95871 2.9555
-20.031 -2.07746 2.95271
-19.9623 -2.15509 2.95704
-19.8771 -2.27973 2.96853
-19.79 -2.38864 2.98871
-19.7275 -2.49331 3.01425
-19.6251 -2.58357 3.03435
-19.5606 -2.70327 3.03966
-19.4859 -2.80152 3.02726
-19.4067 -2.89613 3.00792
-19.3201 -3.01344 2.98899
-19.2356 -3.12651 2.96892
-19.1577 -3.24823 2.95413
-19.0973 -3.35413 2.94806
-19.0152 -3.46381 2.94827
-18.9197 -3.59277 2.95486
-18.8508 -3.68561 2.96507
-18.7725 -3.81623 2.99756
-18.6931 -3.91489 3.02213
-18.6216 -4.01628 3.05015
-18.5317 -4.1361 3.08562
-18.4449 -4.2213 3.1116
-18.3299 -4.34357 3.13274
-18.2574 -4.43925 -3.13779
-18.1425 -4.54283 -3.12593
-18.0461 -4.62426 -3.12127
-17.9399 -4.72926 -3.12421
-17.8436 -4.79888 -3.12618
-17.7332 -4.89188 -3.12977
-17.6341 -4.98415 3.13734
-17.5314 -5.09138 3.12421
-17.4415 -5.17713 3.10089
-17.3345 -5.28144 3.07612
-17.2708 -5.35929 3.06383
-17.1755 -5.46583 3.04705
-17.1145 -5.55291 3.03767
-17.0447 -5.64822 3.03637
-16.9552 -5.76292 3.04045
-16.8621 -5.88846 3.06043
-16.8004 -6.00168 3.07413
-16.7265 -6.09835 3.08128
-16.6413 -6.17604 3.08608
-16.5826 -6.25407 3.0909
-16.4881 -6.37172 3.10285
-16.4079 -6.45746 3.10998
-16.2839 -6.58515 3.09952
-16.2267 -6.66061 3.10378
-16.1566 -6.72985 3.10242
-16.0466 -6.85941 3.09095
-15.9723 -6.93449 3.08567
-15.88 -7.03461 3.07224
-15.7851 -7.16544 3.06125
-15.6952 -7.2612 3.04473
-15.6085 -7.37118 3.0296
-15.5239 -7.48311 3.01968
-15.4393 -7.58954 3.01518
-15.3456 -7.7073 3.00885
-15.2769 -7.81328 3.00086
-15.1715 -7.94131 3.00088
-15.1222 -8.02593 3.00297
-15.0322 -8.11487 3.00043
-14.9701 -8.18949 3.00143
-14.8835 -8.30552 3.00235
-14.8049 -8.40547 3.00222
-14.7203 -8.52244 2.99996
-14.6352 -8.61826 2.99177
-14.5563 -8.74017 2.99389
-14.4846 -8.84062 2.99238
-14.3867 -8.94595 2.99109
-14.3118 -9.0434 2.98493
-14.253 -9.14539 2.98578
-14.1464 -9.25702 2.97398
-14.085 -9.38532 2.96613
-14.0065 -9.48631 2.95773
-13.9372 -9.59146 2.95302
-13.8727 -9.69582 2.9421
-13.8208 -9.82456 2.9454
-13.7471 -9.93853 2.94615
-13.6808 -10.0543 2.95609
-13.5988 -10.1703 2.9754
-13.4975 -10.281 2.99846
-13.4172 -10.3834 3.01261
-13.3314 -10.4985 3.02577
-13.2666 -10.6056 3.03798
-13.1854 -10.6911 3.05007
-13.0986 -10.8078 3.07216
-13.0047 -10.8988 3.09902
-12.9405 -10.9937 3.12193
-12.7945 -11.0392 3.12754
-12.7385 -11.1297 -3.13273
-12.6394 -11.2155 -3.11292
-12.5606 -11.2784 -3.09695
-12.4757 -11.3449 -3.07197
-12.3921 -11.4379 -3.02654
-12.284 -11.5056 -2.99011
-12.181 -11.597 -2.93958
-12.0995 -11.655 -2.90317
-11.9862 -11.7038 -2.86232
-11.8803 -11.7591 -2.82413
-11.7368 -11.7964 -2.78296
-11.6539 -11.8428 -2.73909
-11.5305 -11.8682 -2.69079
-11.429 -11.908 -2.64995
-11.3069 -11.9333 -2.61044
-11.189 -11.9712 -2.57876
-11.0839 -11.9737 -2.54861
-11.0016 -11.9925 -2.51724
-10.863 -12.0043 -2.47377
-10.6183 -11.9381 -2.42982
-10.6765 -11.9969 -2.39234
-10.9072 -12.1836 -2.35231
-10.9359 -12.2585 -2.3038
-10.9381 -12.3003 -2.25499
-10.921 -12.335 -2.19412
-10.9779 -12.431 -2.13595
-11.106 -12.582 -2.07079
-11.1957 -12.6822 -2.0168
-11.2861 -12.7613 -1.95905
-11.3107 -12.8068 -1.90725
-11.5577 -12.968 -1.85143
-11.4823 -12.9078 -1.80138
-11.485 -12.904 -1.74334
-11.4433 -12.8667 -1.70319
-11.3255 -12.7698 -1.68252
-11.0948 -12.583 -1.67989
-10.9545 -12.4672 -1.67029
-10.7501 -12.2982 -1.67126
-10.6834 -12.2334 -1.66116
-11.022 -12.5244 -1.65588
-11.3303 -12.7753 -1.64318
-11.3518 -12.7865 -1.63769
-11.2216 -12.6591 -1.63928
-11.1175 -12.5602 -1.64071
-11.026 -12.47 -1.64874
-11.013 -12.4551 -1.64983
-10.9051 -12.3523 -1.65783
-10.85 -12.3015 -1.65804
-10.7933 -12.2468 -1.66723
-10.7642 -12.2173 -1.67119
-10.6323 -12.0963 -1.67852
-10.5341 -12.0078 -1.68755
-10.3953 -11.8876 -1.68785
-10.2486 -11.7594 -1.686
-10.0279 -11.5623 -1.68181
-9.98222 -11.5221 -1.67367
-9.88516 -11.4351 -1.6664
-9.82274 -11.3778 -1.66386
-9.7568 -11.3169 -1.66265
-9.76259 -11.32 -1.66325
-9.56331 -11.1307 -1.65802
-9.49487 -11.082 -1.65747
-9.37391 -10.9877 -1.65452
-9.11187 -10.7409 -1.66022
-9.00807 -10.6531 -1.66539
-8.85014 -10.524 -1.66437
-8.72082 -10.417 -1.66619
-8.12359 -9.80184 -1.68316
-7.68866 -9.38393 -1.68344
-7.54845 -9.25932 -1.68938
-7.43926 -9.13991 -1.70001
-7.33356 -9.05342 -1.71569
-7.20805 -8.97359 -1.72219
-7.10249 -8.90854 -1.72066
-7.01094 -8.85132 -1.71968
-6.89128 -8.79665 -1.70367
-6.77265 -8.70394 -1.69172
-6.65735 -8.60702 -1.6822
-6.49903 -8.47783 -1.66767
-6.37466 -8.37124 -1.64845
-6.11685 -8.10674 -1.63935
-6.00894 -7.97561 -1.63357
-5.85713 -7.80842 -1.62744
-5.71402 -7.66889 -1.61999
-5.59398 -7.54718 -1.62295
-5.51424 -7.46705 -1.61631
-5.38425 -7.33801 -1.60972
-5.28368 -7.23606 -1.60691
-5.17369 -7.12253 -1.60318
-5.07692 -7.02411 -1.59496
-4.94841 -6.89449 -1.58505
-4.85267 -6.79815 -1.57305
-4.74154 -6.67493 -1.56552
-4.66579 -6.59186 -1.55402
-4.5576 -6.47955 -1.55607
-4.43567 -6.35353 -1.56645
-4.31792 -6.23627 -1.59054
-4.20268 -6.12435 -1.6154
-4.07135 -6.00642 -1.64854
-3.97169 -5.9213 -1.6707
-3.85674 -5.82358 -1.67748
-3.7084 -5.69717 -1.67488
-3.55511 -5.56481 -1.66863
-3.46084 -5.48192 -1.66392
-3.31249 -5.35235 -1.66086
-3.22417 -5.27458 -1.66564
-3.07349 -5.14481 -1.6636
-2.99409 -5.07882 -1.66281
-2.85818 -4.95943 -1.65722
-2.76482 -4.87627 -1.65593
-2.59887 -4.72906 -1.65834
-2.47291 -4.60693 -1.66268
-2.29826 -4.45907 -1.67068
-2.25228 -4.4484 -1.66455
-2.0996 -4.28105 -1.66812
-1.95914 -4.1638 -1.65961
-1.82136 -4.03874 -1.65752
-1.76678 -3.98806 -1.6594
-1.62218 -3.85889 -1.66232
-1.55857 -3.8079 -1.65856
-1.4349 -3.68252 -1.65927
-1.19804 -3.46198 -1.65413
-1.11007 -3.38777 -1.65048
-0.956658 -3.24183 -1.65275
-0.84515 -3.14078 -1.65651
-0.754999 -3.07833 -1.65092
-0.652896 -3.00248 -1.64321
-0.578252 -2.93829 -1.62972
-0.481895 -2.83206 -1.61263
-0.363025 -2.72612 -1.59066
-0.273193 -2.64255 -1.56697
-0.200257 -2.55573 -1.54387
-0.124763 -2.46248 -1.5221
-0.0513809 -2.39538 -1.48925
0.00553252 -2.27057 -1.47325
0.089258 -2.18325 -1.43694
0.147571 -2.08931 -1.40219
0.228083 -1.98677 -1.35928
0.27497 -1.9078 -1.31827
0.325163 -1.80611 -1.26657
0.367889 -1.71549 -1.20977
0.416513 -1.61976 -1.15075
0.448266 -1.50925 -1.08103
0.46954 -1.41945 -1.02152
0.493013 -1.3167 -0.95151
0.513772 -1.22092 -0.890212
0.521842 -1.12672 -0.835182
0.543111 -1.00707 -0.760787
0.532185 -0.935019 -0.697315
0.516086 -0.828372 -0.62002
0.500039 -0.741508 -0.55143
0.488178 -0.64211 -0.476325
0.458197 -0.571843 -0.413567
0.430292 -0.483411 -0.337215
0.392273 -0.427722 -0.272082
0.359392 -0.37934 -0.201452
0.326061 -0.303117 -0.150609
0.269654 -0.2476 -0.0981273
0.220284 -0.201701 -0.0637701
0.178185 -0.140686 -0.0353132
0.144539 -0.0888365 -0.00788037
0.110434 -0.0465378 0.0286458
0.052831 -0.0264054 0.0433191
0.0252064 -7.59479e-05 0.0566169
-0.000845966 0.0289707 0.0615842
-0.0306393 0.0667904 0.0646349
-0.0602432 0.0886982 0.0614964
-0.0911684 0.116952 0.052822
-0.0931874 0.147277 0.050186
-0.116841 0.176689 0.0429871
-0.13723 0.193513 0.0355275
-0.163571 0.209791 0.026234
-0.193291 0.229462 0.0200192
-0.222413 0.248901 0.0124583
-0.238712 0.274073 0.00891201
-0.26532 0.302621 0.00808104
-0.27524 0.324359 0.00611453
-0.295396 0.319067 0.00292364
-0.29407 0.337919 0.00224733
-0.301501 0.336024 0.0017136
-0.302025 0.334504 0.00115458
-0.302524 0.334865 0.00042852
-0.299376 0.333977 0.00104378
-0.298184 0.327117 9.64433e-05
-0.295416 0.323821 -0.00100467
-0.295937 0.326797 0.0014578
-0.292887 0.316265 -0.000954786
-0.289371 0.316335 -0.000243499
-0.286006 0.314134 -0.000100929
-0.28781 0.306357 -0.000678636
-0.293778 0.300468 -0.00125718
-0.297023 0.290254 -0.0023937
-0.299447 0.288606 -0.00266213
-0.304567 0.273495 -0.00485925
-0.30758 0.27705 -0.00591065
-0.306712 0.279399 -0.00382027
-0.308757 0.278986 -0.00460843
-0.308097 0.285449 -0.00668781
-0.310967 0.292107 -0.0075132
-0.312872 0.293714 -0.0049971
-0.3125 0.295316 -0.00288203
-0.315552 0.300321 -0.00392276
-0.314345 0.29977 -0.00518132
-0.315584 0.306294 -0.00702309
-0.316258 0.309019 -0.00412925
-0.316204 0.304577 -0.00135438
-0.317805 0.304781 -0.00232624
-0.321624 0.310008 -0.00340147
-0.323238 0.306593 -0.000711963
-0.322798 0.308997 0.00156378
-0.325983 0.309639 0.00155699
-0.325521 0.31494 -0.000321724
-0.327808 0.311456 0.00242108
