0  0  0
0.000399279  0.00324943  -0.000527595
-0.00355129  0.00692211  0.000315798
0.000189809  0.0071211  0.00198958
0.00260924  0.00646609  0.00312779
-0.00168341  0.00949694  0.00442344
0.00753193  0.00781376  0.00515669
0.00538631  0.0084514  0.00383047
0.00317765  0.00885328  0.00238958
0.0103966  0.00671421  0.00357445
0.0108306  0.00619394  0.00508413
0.0110334  0.00620459  0.00728634
0.0117699  0.0059125  0.00556633
0.00851877  0.00685384  0.00582084
0.0111187  0.00724767  0.00759737
0.0096846  0.00676023  0.00918944
-0.00169125  0.024312  0.00596922
-0.00996814  0.0405387  -0.00315714
-0.0251653  0.05498  -0.0128067
-0.0758701  0.119026  -0.020549
-0.11613  0.162878  -0.0197759
-0.149008  0.203224  -0.0134616
-0.200686  0.254901  -0.00426763
-0.255178  0.311022  0.00656978
-0.307349  0.369083  0.0155524
-0.361012  0.436127  0.0266533
-0.410763  0.498971  0.032367
-0.4789  0.557136  0.0369914
-0.532933  0.612106  0.0424656
-0.598672  0.67433  0.0427325
-0.655587  0.729622  0.0426236
-0.721458  0.799459  0.0379016
-0.776081  0.864194  0.0368034
-0.844411  0.929133  0.0350933
-0.900776  0.984825  0.0333068
-0.956639  1.04893  0.0299011
-1.01601  1.12326  0.0296404
-1.08539  1.18699  0.0268255
-1.16026  1.25072  0.0244267
-1.24691  1.31514  0.0225507
-1.33873  1.36801  0.0215341
-1.45817  1.43126  0.0188457
-1.55698  1.48804  0.0154441
-1.65191  1.55182  0.0151813
-1.71411  1.61277  0.0180902
-1.77818  1.69029  0.019572
-1.82618  1.74864  0.0231786
-1.88823  1.82774  0.0252155
-1.95454  1.89809  0.0297895
-2.00806  1.95018  0.0386131
-2.07775  2.01491  0.0421769
-2.13578  2.07424  0.048186
-2.20413  2.14047  0.0482829
-2.26657  2.19748  0.0489447
-2.33681  2.2643  0.0475867
-2.40284  2.32595  0.0486225
-2.47141  2.38979  0.0477101
-2.56676  2.47528  0.0454501
-2.64692  2.54539  0.0458668
-2.71644  2.60298  0.0464341
-2.80016  2.67561  0.0475665
-2.86475  2.73736  0.0498166
-2.94141  2.80635  0.052142
-3.02249  2.87819  0.0584403
-3.09184  2.94437  0.063063
-3.1681  3.01981  0.0722338
-3.23548  3.0806  0.0823272
-3.31158  3.14468  0.0906165
-3.399  3.21464  0.0923653
-3.46722  3.27754  0.0858794
-3.57999  3.36993  0.0709137
-3.65538  3.43323  0.0624167
-3.72385  3.49831  0.0571815
-3.80828  3.57089  0.0475372
-3.8711  3.63959  0.0436711
-3.95758  3.71411  0.0354773
-4.02058  3.78003  0.032955
-4.10608  3.85761  0.0328218
-4.17343  3.91825  0.0335506
-4.25495  3.99736  0.0389383
-4.31035  4.04593  0.0408324
-4.36909  4.09808  0.0467544
-4.44675  4.16771  0.0536639
-4.51509  4.23277  0.062524
-4.61569  4.30004  0.0675079
-4.71853  4.36358  0.0701113
-4.84275  4.43761  0.0753159
-4.95572  4.5053  0.0775096
-5.07084  4.57819  0.0801304
-5.13733  4.64677  0.0885482
-5.20941  4.73578  0.0974609
-5.32144  4.81323  0.0911694
-5.48159  4.90744  0.0753592
-5.60709  4.9808  0.0675817
-5.76485  5.05363  0.056324
-5.93886  5.14827  0.0427574
-6.03969  5.22938  0.0378975
-6.14004  5.31078  0.0331105
-6.21614  5.39155  0.0321575
-6.28973  5.47212  0.03263
-6.35541  5.57296  0.0428413
-6.42678  5.66024  0.0513867
-6.51995  5.75497  0.0594324
-6.59775  5.82903  0.0697665
-6.68312  5.91201  0.0852989
-6.76068  5.97962  0.0992964
-6.85268  6.06221  0.115205
-6.92705  6.12757  0.130265
-6.99602  6.19268  0.149824
-7.07341  6.25959  0.160665
-7.15794  6.32268  0.170012
-7.23392  6.37317  0.175276
-7.3133  6.43573  0.187293
-7.39182  6.49313  0.189858
-7.46397  6.54998  0.191993
-7.54404  6.61341  0.182163
-7.61964  6.67062  0.164048
-7.70271  6.7389  0.1433
-7.77779  6.79985  0.123652
-7.8473  6.8608  0.109127
-7.92856  6.93246  0.0943341
-8.01115  7.00476  0.0786734
-8.09799  7.08538  0.0671767
-8.18502  7.15952  0.0613094
-8.30566  7.24414  0.0620292
-8.43485  7.31108  0.0606723
-8.56352  7.3789  0.0599731
-8.67  7.43961  0.0568737
-8.74896  7.52664  0.0569275
-8.80453  7.6051  0.0612317
-8.88663  7.70673  0.0618051
-8.97439  7.79087  0.0579048
-9.07161  7.88086  0.0501957
-9.15157  7.96222  0.0474146
-9.23331  8.04061  0.0402092
-9.3266  8.12952  0.0279569
-9.40825  8.21209  0.0173746
-9.48544  8.29066  0.00804053
-9.57238  8.38243  -0.00228321
-9.64831  8.4618  -0.00818508
-9.72574  8.5502  -0.0166385
-9.78623  8.62307  -0.00920387
-9.863  8.70488  0.00317099
-9.9245  8.77434  0.0110056
-9.98443  8.8419  0.0350758
-10.0646  8.9248  0.0599725
-10.1382  9.00034  0.0836008
-10.2079  9.07076  0.103757
-10.291  9.16362  0.121924
-10.3863  9.24721  0.131785
-10.4946  9.33761  0.130732
-10.5799  9.41583  0.13278
-10.6828  9.49944  0.129092
-10.7626  9.56899  0.132983
-10.8446  9.63446  0.136084
-10.9349  9.7118  0.142616
-11.0087  9.77513  0.155581
-11.0799  9.83167  0.164317
-11.1602  9.89544  0.190388
-11.2278  9.94904  0.22494
-11.3164  9.99997  0.271992
-11.385  10.0415  0.311092
-11.4717  10.0836  0.352102
-11.5642  10.1166  0.379749
-11.6461  10.1338  0.396871
-11.7368  10.1601  0.408131
-11.8082  10.181  0.424252
-11.9086  10.1994  0.436904
-12.0007  10.2134  0.450517
-12.0903  10.2271  0.46551
-12.2012  10.2413  0.477628
-12.2836  10.2499  0.48916
-12.3734  10.2707  0.507568
-12.4739  10.2927  0.531278
-12.563  10.3027  0.552187
-12.6635  10.3151  0.584522
-12.7452  10.3253  0.611172
-12.8355  10.3346  0.64092
-12.9131  10.3439  0.665025
-13.0005  10.3489  0.696129
-13.0782  10.3452  0.727297
-13.1592  10.3531  0.766315
-13.2269  10.3512  0.801326
-13.3136  10.3446  0.840579
-13.3871  10.3375  0.872887
-13.4924  10.2974  0.906453
-13.6049  10.2408  0.930684
-13.79  10.1073  0.96998
-13.7679  10.174  0.987871
-13.7174  10.2779  1.00643
-13.6567  10.3939  1.02465
-13.5889  10.5018  1.04133
-13.5367  10.6181  1.06241
-13.5059  10.6803  1.08137
-13.5498  10.6833  1.11498
-13.4865  10.793  1.14492
-13.4441  10.8936  1.18749
-13.3948  10.9724  1.22189
-13.3939  11.0092  1.25608
-13.4011  11.03  1.29156
-13.4337  11.0117  1.31916
-13.485  10.9914  1.35226
-13.5443  10.9546  1.3788
-13.6192  10.8984  1.4107
-13.6845  10.8426  1.4417
-13.7775  10.7287  1.4772
-13.8388  10.6516  1.50491
-13.9101  10.5646  1.53141
-13.9645  10.501  1.54907
-14.0301  10.4292  1.56777
-14.087  10.3748  1.58808
-14.159  10.2865  1.60656
-14.3099  10.051  1.62469
-14.3855  9.94385  1.64381
-14.4601  9.84996  1.66101
-14.5139  9.75048  1.66731
-14.585  9.64472  1.67823
-14.6539  9.5512  1.6864
-14.7269  9.46416  1.69232
-14.7839  9.4046  1.69196
-14.8565  9.33716  1.68862
-14.9256  9.26872  1.68749
-14.9941  9.1415  1.67375
-15.0486  9.06223  1.65962
-15.1133  8.96977  1.64938
-15.1859  8.86073  1.6402
-15.2493  8.77746  1.64056
-15.3158  8.64206  1.63781
-15.3698  8.52762  1.63601
-15.4253  8.41581  1.63204
-15.4789  8.32057  1.6293
-15.5503  8.22427  1.6227
-15.619  8.13415  1.62146
-15.6991  8.05275  1.62175
-15.7554  8.00863  1.6209
-15.8198  7.95966  1.61956
-15.896  7.89301  1.62148
-15.9677  7.81359  1.61645
-16.0398  7.73889  1.61418
-16.0971  7.66969  1.60647
-16.186  7.5319  1.60504
-16.2324  7.47229  1.60554
-16.3836  7.24908  1.60638
-16.4713  7.11975  1.60538
-16.5429  7.00708  1.60443
-16.6432  6.88335  1.61082
-16.7677  6.74498  1.61406
-16.8616  6.64419  1.61434
-16.9261  6.56652  1.60689
-16.9831  6.51532  1.60295
-17.0462  6.45721  1.5966
-17.109  6.39495  1.59107
-17.1807  6.32631  1.58454
-17.2544  6.24281  1.57506
-17.3553  6.11918  1.57271
-17.4279  6.02094  1.5725
-17.6599  5.7103  1.56997
-17.7326  5.60884  1.56524
-17.7401  5.59782  1.56026
-17.7412  5.59578  1.55263
-17.7124  5.61306  1.54367
-17.6538  5.69851  1.53594
-17.636  5.72925  1.52314
-17.6397  5.73904  1.51161
-17.659  5.74099  1.50428
-17.7749  5.63809  1.49909
-17.8653  5.57051  1.49197
-17.9383  5.52869  1.48891
-18.0191  5.49096  1.48976
-18.0942  5.43218  1.4896
-18.1766  5.3754  1.49015
-18.2531  5.3152  1.49099
-18.3193  5.27421  1.49361
-18.3783  5.23203  1.49686
-18.4497  5.17675  1.49897
-18.5301  5.11205  1.50047
-18.6063  5.06085  1.50104
-18.6725  4.99203  1.49449
-18.7537  4.9165  1.49505
-18.8189  4.8581  1.49301
-18.9102  4.78285  1.49367
-18.9965  4.70734  1.49427
-19.0833  4.62733  1.49525
-19.157  4.57667  1.50138
-19.2858  4.46614  1.5115
-19.5815  4.23203  1.52636
-19.7179  4.1091  1.53482
-19.8419  3.97362  1.53513
-19.9916  3.80588  1.52818
-20.105  3.68751  1.52375
-20.2221  3.59477  1.5243
-20.2973  3.53034  1.51804
-20.3971  3.45812  1.51776
-20.4812  3.38617  1.51359
-20.5738  3.30363  1.50928
-20.6556  3.23584  1.50552
-20.7624  3.12413  1.49691
-20.8751  2.99826  1.48757
-20.98  2.88348  1.47769
-21.0933  2.77582  1.46953
-21.182  2.69492  1.46397
-21.2846  2.57411  1.45427
-21.4018  2.47043  1.45163
-21.498  2.402  1.45318
-21.5908  2.34074  1.45741
-21.6745  2.29523  1.46504
-21.7697  2.22415  1.47292
-21.8463  2.16137  1.48268
-21.9347  2.09168  1.49425
-22.0205  2.0219  1.50817
-22.0997  1.96016  1.5208
-22.1727  1.84979  1.52521
-22.2631  1.73042  1.532
-22.3263  1.6096  1.53649
-22.3967  1.48801  1.54488
-22.4552  1.39597  1.5535
-22.5332  1.29292  1.56542
-22.6005  1.21441  1.5845
-22.6648  1.12079  1.61469
-22.7217  1.04856  1.64933
-22.7936  0.981432  1.69942
-22.8403  0.92085  1.75441
-22.89  0.86167  1.82513
-22.9246  0.800053  1.89333
-22.9578  0.729218  1.97937
-22.9666  0.654667  2.05982
-22.9719  0.576753  2.14741
-22.9754  0.513133  2.21846
-22.9759  0.444041  2.29197
-22.9697  0.37801  2.34705
-22.9639  0.315276  2.40542
-22.9588  0.272339  2.45251
-22.9443  0.217485  2.5024
-22.9253  0.165765  2.54148
-22.8986  0.0998604  2.57833
-22.8663  0.0383184  2.60427
-22.819  -0.0109006  2.6189
-22.7705  -0.0780669  2.63545
-22.7103  -0.148359  2.65404
-22.6632  -0.235313  2.67065
-22.6048  -0.341046  2.68103
-22.5469  -0.434606  2.68373
-22.5055  -0.54666  2.69426
-22.4784  -0.648116  2.70564
-22.4361  -0.768213  2.71345
-22.3932  -0.877449  2.7186
-22.3123  -1.02518  2.7193
-22.2289  -1.15334  2.71549
-22.1437  -1.30596  2.72149
-22.0566  -1.41927  2.7185
-21.9895  -1.55575  2.72069
-21.9526  -1.67279  2.72266
-21.9017  -1.8113  2.7323
-21.8646  -1.9304  2.74308
-21.8224  -2.05181  2.75551
-21.7814  -2.16369  2.76757
-21.7302  -2.29288  2.7786
-21.6872  -2.39419  2.78483
-21.6275  -2.52366  2.79571
-21.5845  -2.63592  2.8113
-21.5143  -2.76995  2.82836
-21.454  -2.88286  2.84453
-21.3806  -3.0175  2.86456
-21.3132  -3.13217  2.88054
-21.2817  -3.21746  2.90484
-21.2487  -3.29172  2.92465
-21.1742  -3.40005  2.94221
-21.0589  -3.52882  2.94575
-20.9978  -3.62013  2.96351
-20.9337  -3.71367  2.97445
-20.8799  -3.80008  2.98567
-20.8106  -3.90395  2.99226
-20.7439  -4.02465  2.99333
-20.672  -4.13056  2.9896
-20.6122  -4.22955  2.98358
-20.5409  -4.34254  2.97565
-20.4767  -4.44103  2.9701
-20.414  -4.53691  2.96329
-20.3396  -4.65162  2.96237
-20.2633  -4.76517  2.96424
-20.1839  -4.87757  2.97744
-20.1001  -4.99821  3.00384
-20.0156  -5.10797  3.02761
-19.9176  -5.22837  3.05259
-19.8409  -5.32056  3.05526
-19.7601  -5.41769  3.04253
-19.673  -5.51515  3.02265
-19.5882  -5.62611  3.00393
-19.4861  -5.73951  2.98364
-19.416  -5.85654  2.96699
-19.3534  -5.95765  2.96346
-19.2714  -6.07512  2.96416
-19.1814  -6.18501  2.96997
-19.1163  -6.27379  2.98751
-19.0469  -6.40806  3.02262
-18.9727  -6.51227  3.05179
-18.9017  -6.60497  3.08486
-18.8132  -6.70569  3.12064
-18.7232  -6.80103  3.14643
-18.6223  -6.90095  3.16836
-18.5387  -6.98384  3.18205
-18.4404  -7.07756  3.19684
-18.3496  -7.16751  3.20349
-18.2468  -7.25898  3.20406
-18.1619  -7.33995  3.20582
-18.0606  -7.435  3.20037
-17.9756  -7.52005  3.19186
-17.9012  -7.60226  3.17319
-17.8128  -7.68304  3.15249
-17.6554  -7.79928  3.12657
-17.5501  -7.86996  3.10813
-17.4543  -7.96259  3.09284
-17.3918  -8.04319  3.08677
-17.3365  -8.14546  3.08826
-17.2654  -8.25241  3.09855
-17.1616  -8.37212  3.11511
-17.0879  -8.467  3.12854
-17.0147  -8.55216  3.13729
-16.9263  -8.64622  3.14433
-16.8515  -8.72418  3.15554
-16.7637  -8.82361  3.16297
-16.6769  -8.90881  3.16935
-16.5854  -9.00314  3.17047
-16.5045  -9.09175  3.16955
-16.4169  -9.17714  3.16532
-16.3176  -9.27049  3.1575
-16.2284  -9.35186  3.1514
-16.1268  -9.45187  3.14529
-16.0303  -9.54927  3.13198
-15.9418  -9.64574  3.11937
-15.8459  -9.7515  3.10208
-15.753  -9.844  3.09281
-15.6611  -9.94544  3.09026
-15.5708  -10.0452  3.08343
-15.4881  -10.1478  3.07938
-15.4014  -10.2523  3.08106
-15.3195  -10.3481  3.08646
-15.232  -10.4461  3.09035
-15.1535  -10.5321  3.09483
-15.0651  -10.6243  3.09396
-14.9896  -10.7118  3.09444
-14.8991  -10.8274  3.09402
-14.8164  -10.9217  3.0923
-14.7291  -11.0337  3.09207
-14.6503  -11.1227  3.09362
-14.5367  -11.2237  3.09293
-14.4241  -11.3128  3.08407
-14.2949  -11.413  3.07589
-14.1876  -11.5032  3.06207
-14.095  -11.6154  3.05106
-14.029  -11.7119  3.04997
-13.9648  -11.8245  3.0524
-13.8974  -11.9156  3.04847
-13.82  -12.0224  3.0466
-13.7373  -12.1224  3.04736
-13.6588  -12.2297  3.06273
-13.5821  -12.3288  3.0851
-13.4848  -12.4433  3.11205
-13.3991  -12.5387  3.12903
-13.2985  -12.6409  3.14492
-13.2212  -12.7323  3.16077
-13.1323  -12.8207  3.17392
-13.0365  -12.9131  3.193
-12.9372  -13.006  3.21945
-12.8484  -13.084  3.24234
-12.7526  -13.1651  3.26925
-12.6724  -13.2344  3.28572
-12.5779  -13.3081  3.3033
-12.4933  -13.3737  3.32351
-12.4053  -13.4375  3.35116
-12.3024  -13.5034  3.38827
-12.1871  -13.5506  3.42369
-12.086  -13.6143  3.47212
-11.9983  -13.6642  3.51378
-11.8713  -13.6994  3.55229
-11.744  -13.7162  3.59308
-11.5906  -13.7264  3.63409
-11.4486  -13.7237  3.67586
-11.2733  -13.7053  3.72197
-11.1357  -13.6951  3.76114
-10.9752  -13.6742  3.7987
-10.8211  -13.6572  3.82776
-10.6679  -13.6281  3.85461
-10.5411  -13.613  3.88359
-10.3846  -13.5924  3.92402
-10.0983  -13.4815  3.97391
-10.102  -13.5307  4.01466
-10.3079  -13.7442  4.0534
-10.3272  -13.8218  4.10085
-10.3243  -13.8633  4.14896
-10.3035  -13.8958  4.20928
-10.3486  -13.998  4.26608
-10.4568  -14.1618  4.33059
-10.534  -14.2717  4.38451
-10.6357  -14.3824  4.43842
-10.6291  -14.4026  4.48856
-10.853  -14.5858  4.54169
-10.8431  -14.5788  4.58934
-10.8561  -14.5864  4.64731
-10.7946  -14.5176  4.68691
-10.6756  -14.3923  4.70578
-10.496  -14.2164  4.70578
-10.3571  -14.0697  4.70704
-10.1723  -13.884  4.70698
-10.1113  -13.8123  4.71254
-10.4208  -14.1333  4.7181
-10.7065  -14.4088  4.72314
-10.7276  -14.4203  4.72478
-10.608  -14.2826  4.72271
-10.5126  -14.1744  4.71647
-10.428  -14.0778  4.70906
-10.4168  -14.06  4.70137
-10.3162  -13.9499  4.69313
-10.2654  -13.8939  4.68754
-10.2118  -13.8366  4.6808
-10.185  -13.8044  4.67372
-10.0616  -13.674  4.66224
-9.96845  -13.5801  4.65378
-9.8372  -13.4517  4.65179
-9.69791  -13.3147  4.65205
-9.48885  -13.1049  4.65319
-9.44606  -13.0633  4.66055
-9.35251  -12.9695  4.66705
-9.29426  -12.9107  4.6686
-9.23241  -12.8474  4.66775
-9.23254  -12.8429  4.66765
-9.0645  -12.6755  4.6679
-8.96992  -12.5818  4.66828
-8.82101  -12.4339  4.66706
-8.60568  -12.2304  4.66347
-8.48595  -12.1099  4.65491
-8.34229  -11.986  4.65389
-8.21554  -11.8741  4.65309
-7.63908  -11.2335  4.63212
-7.22062  -10.8034  4.62635
-7.08399  -10.6731  4.61777
-6.97862  -10.5504  4.60481
-6.87248  -10.4629  4.58778
-6.75576  -10.3762  4.57977
-6.64266  -10.314  4.5812
-6.54028  -10.2618  4.58441
-6.43435  -10.1973  4.5952
-6.31259  -10.105  4.60669
-6.19859  -10.0064  4.61596
-6.0439  -9.87342  4.62631
-5.92066  -9.76511  4.64334
-5.66555  -9.49787  4.65074
-5.55847  -9.3661  4.65635
-5.40802  -9.19728  4.65843
-5.26655  -9.05548  4.65928
-5.14564  -8.93497  4.65938
-5.06616  -8.85391  4.65891
-4.93645  -8.724  4.65847
-4.83411  -8.62403  4.66352
-4.72291  -8.51128  4.66291
-4.62462  -8.41425  4.66951
-4.49394  -8.28671  4.67802
-4.39653  -8.19176  4.68631
-4.28265  -8.07098  4.69241
-4.20519  -7.98905  4.69883
-4.09404  -7.87946  4.69438
-3.96831  -7.75706  4.68158
-3.84671  -7.64358  4.65506
-3.72762  -7.53562  4.62827
-3.59181  -7.42271  4.59299
-3.48899  -7.34115  4.5674
-3.36994  -7.24838  4.5594
-3.2161  -7.12851  4.55899
-3.0568  -7.0031  4.56069
-2.95835  -6.9249  4.56223
-2.80364  -6.80297  4.56046
-2.71022  -6.73091  4.55668
-2.55279  -6.61  4.54971
-2.46848  -6.54862  4.55104
-2.32439  -6.439  4.55168
-2.22773  -6.3644  4.55142
-2.04706  -6.22299  4.54771
-1.91494  -6.12207  4.54079
-1.74727  -5.9952  4.53173
-1.64656  -5.91932  4.53156
-1.45806  -5.77549  4.53121
-1.33164  -5.67951  4.53284
-1.18276  -5.56616  4.5339
-1.08646  -5.49372  4.53032
-0.920138  -5.36743  4.52385
-0.794607  -5.27358  4.52417
-0.662757  -5.17411  4.52475
-0.432454  -5.00062  4.52745
-0.305411  -4.90151  4.52897
-0.135039  -4.77031  4.52149
0.000863256  -4.66427  4.51785
0.136025  -4.56272  4.51713
0.261276  -4.46624  4.51815
0.382659  -4.37213  4.52564
0.531396  -4.25178  4.54185
0.669921  -4.13546  4.55945
0.770802  -4.05375  4.58093
0.892314  -3.94581  4.6053
0.991193  -3.85716  4.62704
1.09638  -3.74664  4.65698
1.19059  -3.60648  4.6737
1.27612  -3.49469  4.70685
1.35059  -3.40032  4.73855
1.43292  -3.29774  4.77875
1.48438  -3.20695  4.81775
1.5451  -3.09993  4.86994
1.59884  -2.99913  4.92646
1.63852  -2.90256  4.98409
1.67649  -2.78846  5.05619
1.70053  -2.69093  5.11603
1.72269  -2.58486  5.18525
1.73854  -2.47233  5.24484
1.74639  -2.37393  5.30016
1.74573  -2.27086  5.36555
1.73413  -2.15516  5.43064
1.72119  -2.04496  5.50612
1.70219  -1.96678  5.57123
1.67664  -1.87152  5.64433
1.64234  -1.78946  5.70726
1.60228  -1.69456  5.77738
1.55699  -1.62173  5.83366
1.50939  -1.54106  5.89285
1.46203  -1.4698  5.94475
1.40184  -1.39112  5.99335
1.35718  -1.33476  6.0276
1.30838  -1.2725  6.05385
1.26152  -1.22636  6.07616
1.21949  -1.1803  6.10977
1.186  -1.15085  6.12624
1.15981  -1.11405  6.13718
1.1426  -1.09117  6.14038
1.12085  -1.06648  6.14207
1.10074  -1.03892  6.14118
1.08371  -1.00377  6.13311
1.06558  -0.97351  6.12765
1.04987  -0.94351  6.12063
1.03436  -0.909536  6.11295
1.02344  -0.886052  6.10429
1.00024  -0.856906  6.09933
0.984469  -0.824288  6.09366
0.966353  -0.807374  6.09291
0.959196  -0.791992  6.0934
0.95171  -0.7777  6.09515
0.942457  -0.775295  6.09531
0.938298  -0.769076  6.09553
0.935566  -0.766167  6.09516
0.936558  -0.768759  6.09383
0.938777  -0.768006  6.09175
0.939142  -0.767564  6.09426
0.940643  -0.76785  6.09597
0.943832  -0.768744  6.09644
0.945389  -0.767065  6.09888
0.944431  -0.768259  6.09636
0.94545  -0.766707  6.09842
0.946419  -0.766001  6.10001
0.947583  -0.764368  6.1023
0.948035  -0.764532  6.10424
0.948135  -0.765319  6.10286
0.948634  -0.765571  6.1038
0.94691  -0.764258  6.10405
0.944559  -0.760234  6.10299
0.945821  -0.758071  6.10508
0.943735  -0.758123  6.1043
0.945506  -0.751873  6.10222
0.943834  -0.744818  6.10139
0.942237  -0.742905  6.10391
0.942881  -0.741392  6.10602
0.940743  -0.735933  6.10498
0.941836  -0.736685  6.10372
0.941747  -0.730045  6.10188
0.941556  -0.727245  6.10478
0.940838  -0.731629  6.10755
0.939297  -0.73115  6.10658
0.936442  -0.72534  6.1055
0.934261  -0.728424  6.10819
0.93511  -0.726132  6.11047
0.932085  -0.724948  6.11046
0.933459  -0.719807  6.10858
0.930603  -0.722842  6.11133
